<?xml version="1.0" encoding="UTF-8"?>
<testsuite name="com.mjkim.springboot.web.dto.HelloResponseDtoTest" tests="1" skipped="0" failures="0" errors="0" timestamp="2021-11-14T17:40:24" hostname="LAPTOP-10A1K89M" time="0.01">
  <properties/>
  <testcase name="롬복_기능_테스트" classname="com.mjkim.springboot.web.dto.HelloResponseDtoTest" time="0.01"/>
  <system-out><![CDATA[]]></system-out>
  <system-err><![CDATA[]]></system-err>
</testsuite>
