<?xml version="1.0" encoding="UTF-8"?>
<testsuite name="com.mjkim.springboot.web.PostsApiControllerTest" tests="2" skipped="0" failures="0" errors="0" timestamp="2021-11-14T17:40:34" hostname="LAPTOP-10A1K89M" time="0.312">
  <properties/>
  <testcase name="Posts_등록된다" classname="com.mjkim.springboot.web.PostsApiControllerTest" time="0.137"/>
  <testcase name="Posts_수정된다" classname="com.mjkim.springboot.web.PostsApiControllerTest" time="0.174"/>
  <system-out><![CDATA[2021-11-15 02:40:34.228  INFO 69364 --- [    Test worker] .b.t.c.SpringBootTestContextBootstrapper : Neither @ContextConfiguration nor @ContextHierarchy found for test class [com.mjkim.springboot.web.PostsApiControllerTest], using SpringBootContextLoader
2021-11-15 02:40:34.230  INFO 69364 --- [    Test worker] o.s.t.c.support.AbstractContextLoader    : Could not detect default resource locations for test class [com.mjkim.springboot.web.PostsApiControllerTest]: no resource found for suffixes {-context.xml, Context.groovy}.
2021-11-15 02:40:34.231  INFO 69364 --- [    Test worker] t.c.s.AnnotationConfigContextLoaderUtils : Could not detect default configuration classes for test class [com.mjkim.springboot.web.PostsApiControllerTest]: PostsApiControllerTest does not declare any static, non-private, non-final, nested classes annotated with @Configuration.
2021-11-15 02:40:34.235  INFO 69364 --- [    Test worker] .b.t.c.SpringBootTestContextBootstrapper : Found @SpringBootConfiguration com.mjkim.springboot.Application for test class com.mjkim.springboot.web.PostsApiControllerTest
2021-11-15 02:40:34.237  INFO 69364 --- [    Test worker] .b.t.c.SpringBootTestContextBootstrapper : Loaded default TestExecutionListener class names from location [META-INF/spring.factories]: [org.springframework.security.test.context.support.WithSecurityContextTestExecutionListener, org.springframework.security.test.context.support.ReactorContextTestExecutionListener, org.springframework.boot.test.autoconfigure.restdocs.RestDocsTestExecutionListener, org.springframework.boot.test.autoconfigure.web.client.MockRestServiceServerResetTestExecutionListener, org.springframework.boot.test.autoconfigure.web.servlet.MockMvcPrintOnlyOnFailureTestExecutionListener, org.springframework.boot.test.autoconfigure.web.servlet.WebDriverTestExecutionListener, org.springframework.boot.test.mock.mockito.MockitoTestExecutionListener, org.springframework.boot.test.mock.mockito.ResetMocksTestExecutionListener, org.springframework.test.context.web.ServletTestExecutionListener, org.springframework.test.context.support.DirtiesContextBeforeModesTestExecutionListener, org.springframework.test.context.support.DependencyInjectionTestExecutionListener, org.springframework.test.context.support.DirtiesContextTestExecutionListener, org.springframework.test.context.transaction.TransactionalTestExecutionListener, org.springframework.test.context.jdbc.SqlScriptsTestExecutionListener]
2021-11-15 02:40:34.239  INFO 69364 --- [    Test worker] .b.t.c.SpringBootTestContextBootstrapper : Using TestExecutionListeners: [org.springframework.test.context.web.ServletTestExecutionListener@59e9ee0, org.springframework.test.context.support.DirtiesContextBeforeModesTestExecutionListener@4f6606fe, org.springframework.boot.test.mock.mockito.MockitoTestExecutionListener@6377965, org.springframework.boot.test.autoconfigure.SpringBootDependencyInjectionTestExecutionListener@3df0f131, org.springframework.test.context.support.DirtiesContextTestExecutionListener@4c6811f1, org.springframework.test.context.transaction.TransactionalTestExecutionListener@33c6bf74, org.springframework.test.context.jdbc.SqlScriptsTestExecutionListener@e070438, org.springframework.security.test.context.support.WithSecurityContextTestExecutionListener@344415b0, org.springframework.security.test.context.support.ReactorContextTestExecutionListener@38af7d50, org.springframework.boot.test.autoconfigure.restdocs.RestDocsTestExecutionListener@3e14482e, org.springframework.boot.test.autoconfigure.web.client.MockRestServiceServerResetTestExecutionListener@884ad10, org.springframework.boot.test.autoconfigure.web.servlet.MockMvcPrintOnlyOnFailureTestExecutionListener@1cf9c025, org.springframework.boot.test.autoconfigure.web.servlet.WebDriverTestExecutionListener@5f7f7b17, org.springframework.boot.test.mock.mockito.ResetMocksTestExecutionListener@43b60dee]
2021-11-15 02:40:34.252  INFO 69364 --- [    Test worker] o.a.c.c.C.[Tomcat].[localhost].[/]       : Initializing Spring TestDispatcherServlet ''
2021-11-15 02:40:34.252  INFO 69364 --- [    Test worker] o.s.t.web.servlet.TestDispatcherServlet  : Initializing Servlet ''
2021-11-15 02:40:34.256  INFO 69364 --- [    Test worker] o.s.t.web.servlet.TestDispatcherServlet  : Completed initialization in 4 ms
Hibernate: insert into posts (created_date, modified_date, author, content, title) values (?, ?, ?, ?, ?)
Hibernate: select posts0_.id as id1_0_, posts0_.created_date as created_2_0_, posts0_.modified_date as modified3_0_, posts0_.author as author4_0_, posts0_.content as content5_0_, posts0_.title as title6_0_ from posts posts0_
Hibernate: select posts0_.id as id1_0_, posts0_.created_date as created_2_0_, posts0_.modified_date as modified3_0_, posts0_.author as author4_0_, posts0_.content as content5_0_, posts0_.title as title6_0_ from posts posts0_
Hibernate: delete from posts where id=?
2021-11-15 02:40:34.390  INFO 69364 --- [    Test worker] o.a.c.c.C.[Tomcat].[localhost].[/]       : Initializing Spring TestDispatcherServlet ''
2021-11-15 02:40:34.410  INFO 69364 --- [    Test worker] o.s.t.web.servlet.TestDispatcherServlet  : Initializing Servlet ''
2021-11-15 02:40:34.416  INFO 69364 --- [    Test worker] o.s.t.web.servlet.TestDispatcherServlet  : Completed initialization in 5 ms
Hibernate: insert into posts (created_date, modified_date, author, content, title) values (?, ?, ?, ?, ?)
Hibernate: select posts0_.id as id1_0_0_, posts0_.created_date as created_2_0_0_, posts0_.modified_date as modified3_0_0_, posts0_.author as author4_0_0_, posts0_.content as content5_0_0_, posts0_.title as title6_0_0_ from posts posts0_ where posts0_.id=?
Hibernate: update posts set created_date=?, modified_date=?, author=?, content=?, title=? where id=?
Hibernate: select posts0_.id as id1_0_, posts0_.created_date as created_2_0_, posts0_.modified_date as modified3_0_, posts0_.author as author4_0_, posts0_.content as content5_0_, posts0_.title as title6_0_ from posts posts0_
Hibernate: select posts0_.id as id1_0_, posts0_.created_date as created_2_0_, posts0_.modified_date as modified3_0_, posts0_.author as author4_0_, posts0_.content as content5_0_, posts0_.title as title6_0_ from posts posts0_
Hibernate: delete from posts where id=?
]]></system-out>
  <system-err><![CDATA[]]></system-err>
</testsuite>
