<?xml version="1.0" encoding="UTF-8"?>
<testsuite name="com.mjkim.springboot.web.domain.posts.PostsRepositoryTest" tests="2" skipped="0" failures="0" errors="0" timestamp="2021-11-14T17:40:23" hostname="LAPTOP-10A1K89M" time="0.718">
  <properties/>
  <testcase name="게시글저장_불러오기" classname="com.mjkim.springboot.web.domain.posts.PostsRepositoryTest" time="0.669"/>
  <testcase name="BaseTimeEntity_등록" classname="com.mjkim.springboot.web.domain.posts.PostsRepositoryTest" time="0.046"/>
  <system-out><![CDATA[02:40:08.910 [Test worker] DEBUG org.springframework.test.context.junit4.SpringJUnit4ClassRunner - SpringJUnit4ClassRunner constructor called with [class com.mjkim.springboot.web.domain.posts.PostsRepositoryTest]
02:40:08.936 [Test worker] DEBUG org.springframework.test.context.BootstrapUtils - Instantiating CacheAwareContextLoaderDelegate from class [org.springframework.test.context.cache.DefaultCacheAwareContextLoaderDelegate]
02:40:08.968 [Test worker] DEBUG org.springframework.test.context.BootstrapUtils - Instantiating BootstrapContext using constructor [public org.springframework.test.context.support.DefaultBootstrapContext(java.lang.Class,org.springframework.test.context.CacheAwareContextLoaderDelegate)]
02:40:09.017 [Test worker] DEBUG org.springframework.test.context.BootstrapUtils - Instantiating TestContextBootstrapper for test class [com.mjkim.springboot.web.domain.posts.PostsRepositoryTest] from class [org.springframework.boot.test.context.SpringBootTestContextBootstrapper]
02:40:09.055 [Test worker] INFO org.springframework.boot.test.context.SpringBootTestContextBootstrapper - Neither @ContextConfiguration nor @ContextHierarchy found for test class [com.mjkim.springboot.web.domain.posts.PostsRepositoryTest], using SpringBootContextLoader
02:40:09.065 [Test worker] DEBUG org.springframework.test.context.support.AbstractContextLoader - Did not detect default resource location for test class [com.mjkim.springboot.web.domain.posts.PostsRepositoryTest]: class path resource [com/mjkim/springboot/web/domain/posts/PostsRepositoryTest-context.xml] does not exist
02:40:09.066 [Test worker] DEBUG org.springframework.test.context.support.AbstractContextLoader - Did not detect default resource location for test class [com.mjkim.springboot.web.domain.posts.PostsRepositoryTest]: class path resource [com/mjkim/springboot/web/domain/posts/PostsRepositoryTestContext.groovy] does not exist
02:40:09.067 [Test worker] INFO org.springframework.test.context.support.AbstractContextLoader - Could not detect default resource locations for test class [com.mjkim.springboot.web.domain.posts.PostsRepositoryTest]: no resource found for suffixes {-context.xml, Context.groovy}.
02:40:09.069 [Test worker] INFO org.springframework.test.context.support.AnnotationConfigContextLoaderUtils - Could not detect default configuration classes for test class [com.mjkim.springboot.web.domain.posts.PostsRepositoryTest]: PostsRepositoryTest does not declare any static, non-private, non-final, nested classes annotated with @Configuration.
02:40:09.192 [Test worker] DEBUG org.springframework.test.context.support.ActiveProfilesUtils - Could not find an 'annotation declaring class' for annotation type [org.springframework.test.context.ActiveProfiles] and class [com.mjkim.springboot.web.domain.posts.PostsRepositoryTest]
02:40:09.468 [Test worker] DEBUG org.springframework.context.annotation.ClassPathScanningCandidateComponentProvider - Identified candidate component class: file [C:\work\2021-02-Spring-Study\김민지\freelec-springboot2-webservice\build\classes\java\main\com\mjkim\springboot\Application.class]
02:40:09.472 [Test worker] INFO org.springframework.boot.test.context.SpringBootTestContextBootstrapper - Found @SpringBootConfiguration com.mjkim.springboot.Application for test class com.mjkim.springboot.web.domain.posts.PostsRepositoryTest
02:40:09.826 [Test worker] DEBUG org.springframework.boot.test.context.SpringBootTestContextBootstrapper - @TestExecutionListeners is not present for class [com.mjkim.springboot.web.domain.posts.PostsRepositoryTest]: using defaults.
02:40:09.828 [Test worker] INFO org.springframework.boot.test.context.SpringBootTestContextBootstrapper - Loaded default TestExecutionListener class names from location [META-INF/spring.factories]: [org.springframework.security.test.context.support.WithSecurityContextTestExecutionListener, org.springframework.security.test.context.support.ReactorContextTestExecutionListener, org.springframework.boot.test.autoconfigure.restdocs.RestDocsTestExecutionListener, org.springframework.boot.test.autoconfigure.web.client.MockRestServiceServerResetTestExecutionListener, org.springframework.boot.test.autoconfigure.web.servlet.MockMvcPrintOnlyOnFailureTestExecutionListener, org.springframework.boot.test.autoconfigure.web.servlet.WebDriverTestExecutionListener, org.springframework.boot.test.mock.mockito.MockitoTestExecutionListener, org.springframework.boot.test.mock.mockito.ResetMocksTestExecutionListener, org.springframework.test.context.web.ServletTestExecutionListener, org.springframework.test.context.support.DirtiesContextBeforeModesTestExecutionListener, org.springframework.test.context.support.DependencyInjectionTestExecutionListener, org.springframework.test.context.support.DirtiesContextTestExecutionListener, org.springframework.test.context.transaction.TransactionalTestExecutionListener, org.springframework.test.context.jdbc.SqlScriptsTestExecutionListener]
02:40:09.891 [Test worker] INFO org.springframework.boot.test.context.SpringBootTestContextBootstrapper - Using TestExecutionListeners: [org.springframework.test.context.web.ServletTestExecutionListener@68aa3c38, org.springframework.test.context.support.DirtiesContextBeforeModesTestExecutionListener@31280fb9, org.springframework.boot.test.mock.mockito.MockitoTestExecutionListener@6945689b, org.springframework.boot.test.autoconfigure.SpringBootDependencyInjectionTestExecutionListener@40bac2ae, org.springframework.test.context.support.DirtiesContextTestExecutionListener@79487d7d, org.springframework.test.context.transaction.TransactionalTestExecutionListener@8ecf02a, org.springframework.test.context.jdbc.SqlScriptsTestExecutionListener@4aaf401c, org.springframework.security.test.context.support.WithSecurityContextTestExecutionListener@5c965455, org.springframework.security.test.context.support.ReactorContextTestExecutionListener@668f792f, org.springframework.boot.test.autoconfigure.restdocs.RestDocsTestExecutionListener@98db874, org.springframework.boot.test.autoconfigure.web.client.MockRestServiceServerResetTestExecutionListener@3912b6f9, org.springframework.boot.test.autoconfigure.web.servlet.MockMvcPrintOnlyOnFailureTestExecutionListener@57487972, org.springframework.boot.test.autoconfigure.web.servlet.WebDriverTestExecutionListener@4a1334b5, org.springframework.boot.test.mock.mockito.ResetMocksTestExecutionListener@2e396b9b]
02:40:09.902 [Test worker] DEBUG org.springframework.test.annotation.ProfileValueUtils - Retrieved @ProfileValueSourceConfiguration [null] for test class [com.mjkim.springboot.web.domain.posts.PostsRepositoryTest]
02:40:09.904 [Test worker] DEBUG org.springframework.test.annotation.ProfileValueUtils - Retrieved ProfileValueSource type [class org.springframework.test.annotation.SystemProfileValueSource] for class [com.mjkim.springboot.web.domain.posts.PostsRepositoryTest]
02:40:09.906 [Test worker] DEBUG org.springframework.test.annotation.ProfileValueUtils - Retrieved @ProfileValueSourceConfiguration [null] for test class [com.mjkim.springboot.web.domain.posts.PostsRepositoryTest]
02:40:09.907 [Test worker] DEBUG org.springframework.test.annotation.ProfileValueUtils - Retrieved ProfileValueSource type [class org.springframework.test.annotation.SystemProfileValueSource] for class [com.mjkim.springboot.web.domain.posts.PostsRepositoryTest]
02:40:09.933 [Test worker] DEBUG org.springframework.test.context.support.AbstractDirtiesContextTestExecutionListener - Before test class: context [DefaultTestContext@3a358823 testClass = PostsRepositoryTest, testInstance = [null], testMethod = [null], testException = [null], mergedContextConfiguration = [WebMergedContextConfiguration@b5660c5 testClass = PostsRepositoryTest, locations = '{}', classes = '{class com.mjkim.springboot.Application}', contextInitializerClasses = '[]', activeProfiles = '{}', propertySourceLocations = '{}', propertySourceProperties = '{org.springframework.boot.test.context.SpringBootTestContextBootstrapper=true}', contextCustomizers = set[org.springframework.boot.test.autoconfigure.properties.PropertyMappingContextCustomizer@0, org.springframework.boot.test.autoconfigure.web.servlet.WebDriverContextCustomizerFactory$Customizer@1782c64d, org.springframework.boot.test.context.filter.ExcludeFilterContextCustomizer@4f118177, org.springframework.boot.test.json.DuplicateJsonObjectContextCustomizerFactory$DuplicateJsonObjectContextCustomizer@757d82b7, org.springframework.boot.test.mock.mockito.MockitoContextCustomizer@0, org.springframework.boot.test.web.client.TestRestTemplateContextCustomizer@77b034b7], resourceBasePath = 'src/main/webapp', contextLoader = 'org.springframework.boot.test.context.SpringBootContextLoader', parent = [null]], attributes = map['org.springframework.test.context.web.ServletTestExecutionListener.activateListener' -> true]], class annotated with @DirtiesContext [false] with mode [null].
02:40:09.934 [Test worker] DEBUG org.springframework.test.annotation.ProfileValueUtils - Retrieved @ProfileValueSourceConfiguration [null] for test class [com.mjkim.springboot.web.domain.posts.PostsRepositoryTest]
02:40:09.935 [Test worker] DEBUG org.springframework.test.annotation.ProfileValueUtils - Retrieved ProfileValueSource type [class org.springframework.test.annotation.SystemProfileValueSource] for class [com.mjkim.springboot.web.domain.posts.PostsRepositoryTest]
02:40:10.001 [Test worker] DEBUG org.springframework.test.context.support.TestPropertySourceUtils - Adding inlined properties to environment: {spring.jmx.enabled=false, org.springframework.boot.test.context.SpringBootTestContextBootstrapper=true, server.port=-1}

  .   ____          _            __ _ _
 /\\ / ___'_ __ _ _(_)_ __  __ _ \ \ \ \
( ( )\___ | '_ | '_| | '_ \/ _` | \ \ \ \
 \\/  ___)| |_)| | | | | || (_| |  ) ) ) )
  '  |____| .__|_| |_|_| |_\__, | / / / /
 =========|_|==============|___/=/_/_/_/
 :: Spring Boot ::        (v2.1.7.RELEASE)

2021-11-15 02:40:10.958  INFO 69364 --- [    Test worker] c.m.s.w.d.posts.PostsRepositoryTest      : Starting PostsRepositoryTest on LAPTOP-10A1K89M with PID 69364 (started by 김민지 in C:\work\2021-02-Spring-Study\김민지\freelec-springboot2-webservice)
2021-11-15 02:40:10.978  INFO 69364 --- [    Test worker] c.m.s.w.d.posts.PostsRepositoryTest      : The following profiles are active: oauth
2021-11-15 02:40:13.295  INFO 69364 --- [    Test worker] .s.d.r.c.RepositoryConfigurationDelegate : Bootstrapping Spring Data repositories in DEFAULT mode.
2021-11-15 02:40:13.511  INFO 69364 --- [    Test worker] .s.d.r.c.RepositoryConfigurationDelegate : Finished Spring Data repository scanning in 194ms. Found 2 repository interfaces.
2021-11-15 02:40:14.567  INFO 69364 --- [    Test worker] trationDelegate$BeanPostProcessorChecker : Bean 'org.springframework.transaction.annotation.ProxyTransactionManagementConfiguration' of type [org.springframework.transaction.annotation.ProxyTransactionManagementConfiguration$$EnhancerBySpringCGLIB$$32f97fbb] is not eligible for getting processed by all BeanPostProcessors (for example: not eligible for auto-proxying)
2021-11-15 02:40:14.995  INFO 69364 --- [    Test worker] com.zaxxer.hikari.HikariDataSource       : HikariPool-1 - Starting...
2021-11-15 02:40:15.451  INFO 69364 --- [    Test worker] com.zaxxer.hikari.HikariDataSource       : HikariPool-1 - Start completed.
2021-11-15 02:40:15.726  INFO 69364 --- [    Test worker] o.hibernate.jpa.internal.util.LogHelper  : HHH000204: Processing PersistenceUnitInfo [
	name: default
	...]
2021-11-15 02:40:15.997  INFO 69364 --- [    Test worker] org.hibernate.Version                    : HHH000412: Hibernate Core {5.3.10.Final}
2021-11-15 02:40:16.004  INFO 69364 --- [    Test worker] org.hibernate.cfg.Environment            : HHH000206: hibernate.properties not found
2021-11-15 02:40:16.576  INFO 69364 --- [    Test worker] o.hibernate.annotations.common.Version   : HCANN000001: Hibernate Commons Annotations {5.0.4.Final}
2021-11-15 02:40:17.030  INFO 69364 --- [    Test worker] org.hibernate.dialect.Dialect            : HHH000400: Using dialect: org.hibernate.dialect.MySQL5InnoDBDialect
Hibernate: drop table if exists posts
Hibernate: drop table if exists user
Hibernate: create table posts (id bigint not null auto_increment, created_date datetime, modified_date datetime, author varchar(255), content TEXT not null, title varchar(500) not null, primary key (id)) engine=InnoDB
Hibernate: create table user (id bigint not null auto_increment, created_date datetime, modified_date datetime, email varchar(255) not null, name varchar(255) not null, picture varchar(255), role varchar(255) not null, primary key (id)) engine=InnoDB
2021-11-15 02:40:18.732  INFO 69364 --- [    Test worker] o.h.t.schema.internal.SchemaCreatorImpl  : HHH000476: Executing import script 'org.hibernate.tool.schema.internal.exec.ScriptSourceInputNonExistentImpl@3a06c588'
2021-11-15 02:40:18.741  INFO 69364 --- [    Test worker] j.LocalContainerEntityManagerFactoryBean : Initialized JPA EntityManagerFactory for persistence unit 'default'
2021-11-15 02:40:19.986  INFO 69364 --- [    Test worker] o.h.h.i.QueryTranslatorFactoryInitiator  : HHH000397: Using ASTQueryTranslatorFactory
2021-11-15 02:40:21.056  INFO 69364 --- [    Test worker] o.s.s.web.DefaultSecurityFilterChain     : Creating filter chain: any request, [org.springframework.security.web.context.request.async.WebAsyncManagerIntegrationFilter@56a91686, org.springframework.security.web.context.SecurityContextPersistenceFilter@5fafc5b7, org.springframework.security.web.header.HeaderWriterFilter@5a43dffd, org.springframework.security.web.authentication.logout.LogoutFilter@5ff186a1, org.springframework.security.oauth2.client.web.OAuth2AuthorizationRequestRedirectFilter@4841c85, org.springframework.security.oauth2.client.web.OAuth2LoginAuthenticationFilter@6417abf8, org.springframework.security.web.authentication.ui.DefaultLoginPageGeneratingFilter@59bee29e, org.springframework.security.web.authentication.ui.DefaultLogoutPageGeneratingFilter@41060590, org.springframework.security.web.savedrequest.RequestCacheAwareFilter@5fa8103e, org.springframework.security.web.servletapi.SecurityContextHolderAwareRequestFilter@4498a199, org.springframework.security.web.authentication.AnonymousAuthenticationFilter@7bb274ab, org.springframework.security.web.session.SessionManagementFilter@6f89854f, org.springframework.security.web.access.ExceptionTranslationFilter@cdfcd6b, org.springframework.security.web.access.intercept.FilterSecurityInterceptor@76c92a1b]
2021-11-15 02:40:22.357  INFO 69364 --- [    Test worker] o.s.s.concurrent.ThreadPoolTaskExecutor  : Initializing ExecutorService 'applicationTaskExecutor'
2021-11-15 02:40:22.520  WARN 69364 --- [    Test worker] aWebConfiguration$JpaWebMvcConfiguration : spring.jpa.open-in-view is enabled by default. Therefore, database queries may be performed during view rendering. Explicitly configure spring.jpa.open-in-view to disable this warning
2021-11-15 02:40:22.622  INFO 69364 --- [    Test worker] o.s.b.a.w.s.WelcomePageHandlerMapping    : Adding welcome page template: index
2021-11-15 02:40:23.770  INFO 69364 --- [    Test worker] s.a.ScheduledAnnotationBeanPostProcessor : No TaskScheduler/ScheduledExecutorService bean found for scheduled processing
2021-11-15 02:40:23.795  INFO 69364 --- [    Test worker] c.m.s.w.d.posts.PostsRepositoryTest      : Started PostsRepositoryTest in 13.762 seconds (JVM running for 17.307)
Hibernate: insert into posts (created_date, modified_date, author, content, title) values (?, ?, ?, ?, ?)
Hibernate: select posts0_.id as id1_0_, posts0_.created_date as created_2_0_, posts0_.modified_date as modified3_0_, posts0_.author as author4_0_, posts0_.content as content5_0_, posts0_.title as title6_0_ from posts posts0_
Hibernate: select posts0_.id as id1_0_, posts0_.created_date as created_2_0_, posts0_.modified_date as modified3_0_, posts0_.author as author4_0_, posts0_.content as content5_0_, posts0_.title as title6_0_ from posts posts0_
Hibernate: delete from posts where id=?
Hibernate: insert into posts (created_date, modified_date, author, content, title) values (?, ?, ?, ?, ?)
Hibernate: select posts0_.id as id1_0_, posts0_.created_date as created_2_0_, posts0_.modified_date as modified3_0_, posts0_.author as author4_0_, posts0_.content as content5_0_, posts0_.title as title6_0_ from posts posts0_
>>>>>> createDate=2021-11-15T02:40:24.526452, modifiedDate=2021-11-15T02:40:24.526452
Hibernate: select posts0_.id as id1_0_, posts0_.created_date as created_2_0_, posts0_.modified_date as modified3_0_, posts0_.author as author4_0_, posts0_.content as content5_0_, posts0_.title as title6_0_ from posts posts0_
Hibernate: delete from posts where id=?
]]></system-out>
  <system-err><![CDATA[]]></system-err>
</testsuite>
