<?xml version="1.0" encoding="UTF-8"?>
<testsuite name="com.gagyeong.book.springboot.domain.posts.PostsRepositoryTest" tests="2" skipped="0" failures="0" errors="0" timestamp="2021-11-03T08:41:29" hostname="LAPTOP-QHHHEVDE" time="0.617">
  <properties/>
  <testcase name="게시글저장_불러오기" classname="com.gagyeong.book.springboot.domain.posts.PostsRepositoryTest" time="0.596"/>
  <testcase name="BaseTimeEntity_등록" classname="com.gagyeong.book.springboot.domain.posts.PostsRepositoryTest" time="0.02"/>
  <system-out><![CDATA[17:41:11.203 [Test worker] DEBUG org.springframework.test.context.junit4.SpringJUnit4ClassRunner - SpringJUnit4ClassRunner constructor called with [class com.gagyeong.book.springboot.domain.posts.PostsRepositoryTest]
17:41:11.218 [Test worker] DEBUG org.springframework.test.context.BootstrapUtils - Instantiating CacheAwareContextLoaderDelegate from class [org.springframework.test.context.cache.DefaultCacheAwareContextLoaderDelegate]
17:41:11.241 [Test worker] DEBUG org.springframework.test.context.BootstrapUtils - Instantiating BootstrapContext using constructor [public org.springframework.test.context.support.DefaultBootstrapContext(java.lang.Class,org.springframework.test.context.CacheAwareContextLoaderDelegate)]
17:41:11.270 [Test worker] DEBUG org.springframework.test.context.BootstrapUtils - Instantiating TestContextBootstrapper for test class [com.gagyeong.book.springboot.domain.posts.PostsRepositoryTest] from class [org.springframework.boot.test.context.SpringBootTestContextBootstrapper]
17:41:11.304 [Test worker] INFO org.springframework.boot.test.context.SpringBootTestContextBootstrapper - Neither @ContextConfiguration nor @ContextHierarchy found for test class [com.gagyeong.book.springboot.domain.posts.PostsRepositoryTest], using SpringBootContextLoader
17:41:11.311 [Test worker] DEBUG org.springframework.test.context.support.AbstractContextLoader - Did not detect default resource location for test class [com.gagyeong.book.springboot.domain.posts.PostsRepositoryTest]: class path resource [com/gagyeong/book/springboot/domain/posts/PostsRepositoryTest-context.xml] does not exist
17:41:11.312 [Test worker] DEBUG org.springframework.test.context.support.AbstractContextLoader - Did not detect default resource location for test class [com.gagyeong.book.springboot.domain.posts.PostsRepositoryTest]: class path resource [com/gagyeong/book/springboot/domain/posts/PostsRepositoryTestContext.groovy] does not exist
17:41:11.312 [Test worker] INFO org.springframework.test.context.support.AbstractContextLoader - Could not detect default resource locations for test class [com.gagyeong.book.springboot.domain.posts.PostsRepositoryTest]: no resource found for suffixes {-context.xml, Context.groovy}.
17:41:11.314 [Test worker] INFO org.springframework.test.context.support.AnnotationConfigContextLoaderUtils - Could not detect default configuration classes for test class [com.gagyeong.book.springboot.domain.posts.PostsRepositoryTest]: PostsRepositoryTest does not declare any static, non-private, non-final, nested classes annotated with @Configuration.
17:41:11.399 [Test worker] DEBUG org.springframework.test.context.support.ActiveProfilesUtils - Could not find an 'annotation declaring class' for annotation type [org.springframework.test.context.ActiveProfiles] and class [com.gagyeong.book.springboot.domain.posts.PostsRepositoryTest]
17:41:11.615 [Test worker] DEBUG org.springframework.context.annotation.ClassPathScanningCandidateComponentProvider - Identified candidate component class: file [C:\Users\SM\Documents\GitHub\WEB\WEB_springboot\freelec-springboot2-webservice\build\classes\java\main\com\gagyeong\book\springboot\Application.class]
17:41:11.617 [Test worker] INFO org.springframework.boot.test.context.SpringBootTestContextBootstrapper - Found @SpringBootConfiguration com.gagyeong.book.springboot.Application for test class com.gagyeong.book.springboot.domain.posts.PostsRepositoryTest
17:41:11.859 [Test worker] DEBUG org.springframework.boot.test.context.SpringBootTestContextBootstrapper - @TestExecutionListeners is not present for class [com.gagyeong.book.springboot.domain.posts.PostsRepositoryTest]: using defaults.
17:41:11.860 [Test worker] INFO org.springframework.boot.test.context.SpringBootTestContextBootstrapper - Loaded default TestExecutionListener class names from location [META-INF/spring.factories]: [org.springframework.security.test.context.support.WithSecurityContextTestExecutionListener, org.springframework.security.test.context.support.ReactorContextTestExecutionListener, org.springframework.boot.test.autoconfigure.restdocs.RestDocsTestExecutionListener, org.springframework.boot.test.autoconfigure.web.client.MockRestServiceServerResetTestExecutionListener, org.springframework.boot.test.autoconfigure.web.servlet.MockMvcPrintOnlyOnFailureTestExecutionListener, org.springframework.boot.test.autoconfigure.web.servlet.WebDriverTestExecutionListener, org.springframework.boot.test.mock.mockito.MockitoTestExecutionListener, org.springframework.boot.test.mock.mockito.ResetMocksTestExecutionListener, org.springframework.test.context.web.ServletTestExecutionListener, org.springframework.test.context.support.DirtiesContextBeforeModesTestExecutionListener, org.springframework.test.context.support.DependencyInjectionTestExecutionListener, org.springframework.test.context.support.DirtiesContextTestExecutionListener, org.springframework.test.context.transaction.TransactionalTestExecutionListener, org.springframework.test.context.jdbc.SqlScriptsTestExecutionListener]
17:41:11.933 [Test worker] INFO org.springframework.boot.test.context.SpringBootTestContextBootstrapper - Using TestExecutionListeners: [org.springframework.test.context.web.ServletTestExecutionListener@3ddb7f7b, org.springframework.test.context.support.DirtiesContextBeforeModesTestExecutionListener@199837f9, org.springframework.boot.test.mock.mockito.MockitoTestExecutionListener@b03cc9f, org.springframework.boot.test.autoconfigure.SpringBootDependencyInjectionTestExecutionListener@71aec60b, org.springframework.test.context.support.DirtiesContextTestExecutionListener@17685fe2, org.springframework.test.context.transaction.TransactionalTestExecutionListener@4f178509, org.springframework.test.context.jdbc.SqlScriptsTestExecutionListener@5a65df40, org.springframework.security.test.context.support.WithSecurityContextTestExecutionListener@5d7cd499, org.springframework.security.test.context.support.ReactorContextTestExecutionListener@8be179b, org.springframework.boot.test.autoconfigure.restdocs.RestDocsTestExecutionListener@7b72f448, org.springframework.boot.test.autoconfigure.web.client.MockRestServiceServerResetTestExecutionListener@f99bbb9, org.springframework.boot.test.autoconfigure.web.servlet.MockMvcPrintOnlyOnFailureTestExecutionListener@347a7ecf, org.springframework.boot.test.autoconfigure.web.servlet.WebDriverTestExecutionListener@4c00b514, org.springframework.boot.test.mock.mockito.ResetMocksTestExecutionListener@203cd868]
17:41:11.940 [Test worker] DEBUG org.springframework.test.annotation.ProfileValueUtils - Retrieved @ProfileValueSourceConfiguration [null] for test class [com.gagyeong.book.springboot.domain.posts.PostsRepositoryTest]
17:41:11.940 [Test worker] DEBUG org.springframework.test.annotation.ProfileValueUtils - Retrieved ProfileValueSource type [class org.springframework.test.annotation.SystemProfileValueSource] for class [com.gagyeong.book.springboot.domain.posts.PostsRepositoryTest]
17:41:11.942 [Test worker] DEBUG org.springframework.test.annotation.ProfileValueUtils - Retrieved @ProfileValueSourceConfiguration [null] for test class [com.gagyeong.book.springboot.domain.posts.PostsRepositoryTest]
17:41:11.942 [Test worker] DEBUG org.springframework.test.annotation.ProfileValueUtils - Retrieved ProfileValueSource type [class org.springframework.test.annotation.SystemProfileValueSource] for class [com.gagyeong.book.springboot.domain.posts.PostsRepositoryTest]
17:41:11.953 [Test worker] DEBUG org.springframework.test.context.support.AbstractDirtiesContextTestExecutionListener - Before test class: context [DefaultTestContext@7a0a6146 testClass = PostsRepositoryTest, testInstance = [null], testMethod = [null], testException = [null], mergedContextConfiguration = [WebMergedContextConfiguration@53b83a10 testClass = PostsRepositoryTest, locations = '{}', classes = '{class com.gagyeong.book.springboot.Application}', contextInitializerClasses = '[]', activeProfiles = '{}', propertySourceLocations = '{}', propertySourceProperties = '{org.springframework.boot.test.context.SpringBootTestContextBootstrapper=true}', contextCustomizers = set[org.springframework.boot.test.autoconfigure.properties.PropertyMappingContextCustomizer@0, org.springframework.boot.test.autoconfigure.web.servlet.WebDriverContextCustomizerFactory$Customizer@27c9e185, org.springframework.boot.test.context.filter.ExcludeFilterContextCustomizer@64d60352, org.springframework.boot.test.json.DuplicateJsonObjectContextCustomizerFactory$DuplicateJsonObjectContextCustomizer@1fc8be76, org.springframework.boot.test.mock.mockito.MockitoContextCustomizer@0, org.springframework.boot.test.web.client.TestRestTemplateContextCustomizer@196cc23b], resourceBasePath = 'src/main/webapp', contextLoader = 'org.springframework.boot.test.context.SpringBootContextLoader', parent = [null]], attributes = map['org.springframework.test.context.web.ServletTestExecutionListener.activateListener' -> true]], class annotated with @DirtiesContext [false] with mode [null].
17:41:11.954 [Test worker] DEBUG org.springframework.test.annotation.ProfileValueUtils - Retrieved @ProfileValueSourceConfiguration [null] for test class [com.gagyeong.book.springboot.domain.posts.PostsRepositoryTest]
17:41:11.954 [Test worker] DEBUG org.springframework.test.annotation.ProfileValueUtils - Retrieved ProfileValueSource type [class org.springframework.test.annotation.SystemProfileValueSource] for class [com.gagyeong.book.springboot.domain.posts.PostsRepositoryTest]
17:41:12.026 [Test worker] DEBUG org.springframework.test.context.support.TestPropertySourceUtils - Adding inlined properties to environment: {spring.jmx.enabled=false, org.springframework.boot.test.context.SpringBootTestContextBootstrapper=true, server.port=-1}

  .   ____          _            __ _ _
 /\\ / ___'_ __ _ _(_)_ __  __ _ \ \ \ \
( ( )\___ | '_ | '_| | '_ \/ _` | \ \ \ \
 \\/  ___)| |_)| | | | | || (_| |  ) ) ) )
  '  |____| .__|_| |_|_| |_\__, | / / / /
 =========|_|==============|___/=/_/_/_/
 :: Spring Boot ::        (v2.1.7.RELEASE)

2021-11-03 17:41:12.788  INFO 22716 --- [    Test worker] c.g.b.s.d.posts.PostsRepositoryTest      : Starting PostsRepositoryTest on LAPTOP-QHHHEVDE with PID 22716 (started by SM in C:\Users\SM\Documents\GitHub\WEB\WEB_springboot\freelec-springboot2-webservice)
2021-11-03 17:41:12.791  INFO 22716 --- [    Test worker] c.g.b.s.d.posts.PostsRepositoryTest      : No active profile set, falling back to default profiles: default
2021-11-03 17:41:15.537  INFO 22716 --- [    Test worker] .s.d.r.c.RepositoryConfigurationDelegate : Bootstrapping Spring Data repositories in DEFAULT mode.
2021-11-03 17:41:15.801  INFO 22716 --- [    Test worker] .s.d.r.c.RepositoryConfigurationDelegate : Finished Spring Data repository scanning in 241ms. Found 2 repository interfaces.
2021-11-03 17:41:17.370  INFO 22716 --- [    Test worker] trationDelegate$BeanPostProcessorChecker : Bean 'org.springframework.transaction.annotation.ProxyTransactionManagementConfiguration' of type [org.springframework.transaction.annotation.ProxyTransactionManagementConfiguration$$EnhancerBySpringCGLIB$$8a2f2c34] is not eligible for getting processed by all BeanPostProcessors (for example: not eligible for auto-proxying)
2021-11-03 17:41:18.302  INFO 22716 --- [    Test worker] com.zaxxer.hikari.HikariDataSource       : HikariPool-1 - Starting...
2021-11-03 17:41:18.804  INFO 22716 --- [    Test worker] com.zaxxer.hikari.HikariDataSource       : HikariPool-1 - Start completed.
2021-11-03 17:41:19.100  INFO 22716 --- [    Test worker] o.hibernate.jpa.internal.util.LogHelper  : HHH000204: Processing PersistenceUnitInfo [
	name: default
	...]
2021-11-03 17:41:19.326  INFO 22716 --- [    Test worker] org.hibernate.Version                    : HHH000412: Hibernate Core {5.3.10.Final}
2021-11-03 17:41:19.331  INFO 22716 --- [    Test worker] org.hibernate.cfg.Environment            : HHH000206: hibernate.properties not found
2021-11-03 17:41:19.827  INFO 22716 --- [    Test worker] o.hibernate.annotations.common.Version   : HCANN000001: Hibernate Commons Annotations {5.0.4.Final}
2021-11-03 17:41:20.301  INFO 22716 --- [    Test worker] org.hibernate.dialect.Dialect            : HHH000400: Using dialect: org.hibernate.dialect.MySQL5InnoDBDialect
Hibernate: drop table if exists posts
Hibernate: drop table if exists user
Hibernate: create table posts (id bigint not null auto_increment, created_date datetime, modified_date datetime, author varchar(255), content TEXT not null, title varchar(500) not null, primary key (id)) engine=InnoDB
Hibernate: create table user (id bigint not null auto_increment, created_date datetime, modified_date datetime, email varchar(255) not null, name varchar(255) not null, picture varchar(255), role varchar(255) not null, primary key (id)) engine=InnoDB
2021-11-03 17:41:22.155  INFO 22716 --- [    Test worker] o.h.t.schema.internal.SchemaCreatorImpl  : HHH000476: Executing import script 'org.hibernate.tool.schema.internal.exec.ScriptSourceInputNonExistentImpl@43bba7af'
2021-11-03 17:41:22.162  INFO 22716 --- [    Test worker] j.LocalContainerEntityManagerFactoryBean : Initialized JPA EntityManagerFactory for persistence unit 'default'
2021-11-03 17:41:23.784  INFO 22716 --- [    Test worker] o.h.h.i.QueryTranslatorFactoryInitiator  : HHH000397: Using ASTQueryTranslatorFactory
2021-11-03 17:41:25.590  INFO 22716 --- [    Test worker] o.s.s.web.DefaultSecurityFilterChain     : Creating filter chain: any request, [org.springframework.security.web.context.request.async.WebAsyncManagerIntegrationFilter@6d65b0da, org.springframework.security.web.context.SecurityContextPersistenceFilter@1e2da0b1, org.springframework.security.web.header.HeaderWriterFilter@5eeb3c37, org.springframework.security.web.authentication.logout.LogoutFilter@5b71cb42, org.springframework.security.oauth2.client.web.OAuth2AuthorizationRequestRedirectFilter@334160cc, org.springframework.security.oauth2.client.web.OAuth2LoginAuthenticationFilter@3cfdbb1f, org.springframework.security.web.authentication.ui.DefaultLoginPageGeneratingFilter@26ecc1e8, org.springframework.security.web.authentication.ui.DefaultLogoutPageGeneratingFilter@5edc19fc, org.springframework.security.web.savedrequest.RequestCacheAwareFilter@cbb51c7, org.springframework.security.web.servletapi.SecurityContextHolderAwareRequestFilter@580101ec, org.springframework.security.web.authentication.AnonymousAuthenticationFilter@236faa08, org.springframework.security.web.session.SessionManagementFilter@a7d99b0, org.springframework.security.web.access.ExceptionTranslationFilter@743da784, org.springframework.security.web.access.intercept.FilterSecurityInterceptor@728b4427]
2021-11-03 17:41:27.497  INFO 22716 --- [    Test worker] o.s.s.concurrent.ThreadPoolTaskExecutor  : Initializing ExecutorService 'applicationTaskExecutor'
2021-11-03 17:41:27.695  WARN 22716 --- [    Test worker] aWebConfiguration$JpaWebMvcConfiguration : spring.jpa.open-in-view is enabled by default. Therefore, database queries may be performed during view rendering. Explicitly configure spring.jpa.open-in-view to disable this warning
2021-11-03 17:41:27.912  INFO 22716 --- [    Test worker] o.s.b.a.w.s.WelcomePageHandlerMapping    : Adding welcome page template: index
2021-11-03 17:41:29.818  INFO 22716 --- [    Test worker] s.a.ScheduledAnnotationBeanPostProcessor : No TaskScheduler/ScheduledExecutorService bean found for scheduled processing
2021-11-03 17:41:29.852  INFO 22716 --- [    Test worker] c.g.b.s.d.posts.PostsRepositoryTest      : Started PostsRepositoryTest in 17.802 seconds (JVM running for 21.119)
Hibernate: insert into posts (created_date, modified_date, author, content, title) values (?, ?, ?, ?, ?)
Hibernate: select posts0_.id as id1_0_, posts0_.created_date as created_2_0_, posts0_.modified_date as modified3_0_, posts0_.author as author4_0_, posts0_.content as content5_0_, posts0_.title as title6_0_ from posts posts0_
Hibernate: select posts0_.id as id1_0_, posts0_.created_date as created_2_0_, posts0_.modified_date as modified3_0_, posts0_.author as author4_0_, posts0_.content as content5_0_, posts0_.title as title6_0_ from posts posts0_
Hibernate: delete from posts where id=?
Hibernate: insert into posts (created_date, modified_date, author, content, title) values (?, ?, ?, ?, ?)
Hibernate: select posts0_.id as id1_0_, posts0_.created_date as created_2_0_, posts0_.modified_date as modified3_0_, posts0_.author as author4_0_, posts0_.content as content5_0_, posts0_.title as title6_0_ from posts posts0_
>>>>>>>>> createDate=2021-11-03T17:41:30.510, modifiedDate=2021-11-03T17:41:30.510
Hibernate: select posts0_.id as id1_0_, posts0_.created_date as created_2_0_, posts0_.modified_date as modified3_0_, posts0_.author as author4_0_, posts0_.content as content5_0_, posts0_.title as title6_0_ from posts posts0_
Hibernate: delete from posts where id=?
]]></system-out>
  <system-err><![CDATA[]]></system-err>
</testsuite>
