<?xml version="1.0" encoding="UTF-8"?>
<testsuite name="com.gagyeong.book.springboot.web.dto.HelloResponseDtoTest" tests="1" skipped="0" failures="0" errors="0" timestamp="2021-11-03T08:41:30" hostname="LAPTOP-QHHHEVDE" time="0.007">
  <properties/>
  <testcase name="롬복_기능_테스트" classname="com.gagyeong.book.springboot.web.dto.HelloResponseDtoTest" time="0.007"/>
  <system-out><![CDATA[]]></system-out>
  <system-err><![CDATA[]]></system-err>
</testsuite>
