<?xml version="1.0" encoding="UTF-8"?>
<testsuite name="com.gagyeong.book.springboot.web.HelloControllerTest" tests="2" skipped="0" failures="0" errors="0" timestamp="2021-11-03T08:41:33" hostname="LAPTOP-QHHHEVDE" time="0.404">
  <properties/>
  <testcase name="hello가_리턴된다" classname="com.gagyeong.book.springboot.web.HelloControllerTest" time="0.192"/>
  <testcase name="helloDto가_리턴된다" classname="com.gagyeong.book.springboot.web.HelloControllerTest" time="0.211"/>
  <system-out><![CDATA[2021-11-03 17:41:30.558  INFO 22716 --- [    Test worker] .b.t.a.w.s.WebMvcTestContextBootstrapper : Neither @ContextConfiguration nor @ContextHierarchy found for test class [com.gagyeong.book.springboot.web.HelloControllerTest], using SpringBootContextLoader
2021-11-03 17:41:30.561  INFO 22716 --- [    Test worker] o.s.t.c.support.AbstractContextLoader    : Could not detect default resource locations for test class [com.gagyeong.book.springboot.web.HelloControllerTest]: no resource found for suffixes {-context.xml, Context.groovy}.
2021-11-03 17:41:30.561  INFO 22716 --- [    Test worker] t.c.s.AnnotationConfigContextLoaderUtils : Could not detect default configuration classes for test class [com.gagyeong.book.springboot.web.HelloControllerTest]: HelloControllerTest does not declare any static, non-private, non-final, nested classes annotated with @Configuration.
2021-11-03 17:41:30.645  INFO 22716 --- [    Test worker] .b.t.c.SpringBootTestContextBootstrapper : Found @SpringBootConfiguration com.gagyeong.book.springboot.Application for test class com.gagyeong.book.springboot.web.HelloControllerTest
2021-11-03 17:41:30.649  INFO 22716 --- [    Test worker] .b.t.a.w.s.WebMvcTestContextBootstrapper : Loaded default TestExecutionListener class names from location [META-INF/spring.factories]: [org.springframework.security.test.context.support.WithSecurityContextTestExecutionListener, org.springframework.security.test.context.support.ReactorContextTestExecutionListener, org.springframework.boot.test.autoconfigure.restdocs.RestDocsTestExecutionListener, org.springframework.boot.test.autoconfigure.web.client.MockRestServiceServerResetTestExecutionListener, org.springframework.boot.test.autoconfigure.web.servlet.MockMvcPrintOnlyOnFailureTestExecutionListener, org.springframework.boot.test.autoconfigure.web.servlet.WebDriverTestExecutionListener, org.springframework.boot.test.mock.mockito.MockitoTestExecutionListener, org.springframework.boot.test.mock.mockito.ResetMocksTestExecutionListener, org.springframework.test.context.web.ServletTestExecutionListener, org.springframework.test.context.support.DirtiesContextBeforeModesTestExecutionListener, org.springframework.test.context.support.DependencyInjectionTestExecutionListener, org.springframework.test.context.support.DirtiesContextTestExecutionListener, org.springframework.test.context.transaction.TransactionalTestExecutionListener, org.springframework.test.context.jdbc.SqlScriptsTestExecutionListener]
2021-11-03 17:41:30.655  INFO 22716 --- [    Test worker] .b.t.a.w.s.WebMvcTestContextBootstrapper : Using TestExecutionListeners: [org.springframework.test.context.web.ServletTestExecutionListener@64836788, org.springframework.test.context.support.DirtiesContextBeforeModesTestExecutionListener@d660eb2, org.springframework.boot.test.mock.mockito.MockitoTestExecutionListener@3f11a90e, org.springframework.boot.test.autoconfigure.SpringBootDependencyInjectionTestExecutionListener@d00e203, org.springframework.test.context.support.DirtiesContextTestExecutionListener@72407b0c, org.springframework.test.context.transaction.TransactionalTestExecutionListener@4feee868, org.springframework.test.context.jdbc.SqlScriptsTestExecutionListener@7d056142, org.springframework.security.test.context.support.WithSecurityContextTestExecutionListener@771f941b, org.springframework.security.test.context.support.ReactorContextTestExecutionListener@67609ef, org.springframework.boot.test.autoconfigure.restdocs.RestDocsTestExecutionListener@3ee30ce1, org.springframework.boot.test.autoconfigure.web.client.MockRestServiceServerResetTestExecutionListener@683a750e, org.springframework.boot.test.autoconfigure.web.servlet.MockMvcPrintOnlyOnFailureTestExecutionListener@638e9b5e, org.springframework.boot.test.autoconfigure.web.servlet.WebDriverTestExecutionListener@5501cfb1, org.springframework.boot.test.mock.mockito.ResetMocksTestExecutionListener@73a345f4]

  .   ____          _            __ _ _
 /\\ / ___'_ __ _ _(_)_ __  __ _ \ \ \ \
( ( )\___ | '_ | '_| | '_ \/ _` | \ \ \ \
 \\/  ___)| |_)| | | | | || (_| |  ) ) ) )
  '  |____| .__|_| |_|_| |_\__, | / / / /
 =========|_|==============|___/=/_/_/_/
 :: Spring Boot ::        (v2.1.7.RELEASE)

2021-11-03 17:41:30.817  INFO 22716 --- [    Test worker] c.g.b.s.web.HelloControllerTest          : Starting HelloControllerTest on LAPTOP-QHHHEVDE with PID 22716 (started by SM in C:\Users\SM\Documents\GitHub\WEB\WEB_springboot\freelec-springboot2-webservice)
2021-11-03 17:41:30.819  INFO 22716 --- [    Test worker] c.g.b.s.web.HelloControllerTest          : No active profile set, falling back to default profiles: default
2021-11-03 17:41:32.236  INFO 22716 --- [    Test worker] o.s.s.concurrent.ThreadPoolTaskExecutor  : Initializing ExecutorService 'applicationTaskExecutor'
2021-11-03 17:41:32.340  INFO 22716 --- [    Test worker] o.s.b.a.w.s.WelcomePageHandlerMapping    : Adding welcome page template: index
2021-11-03 17:41:33.065  INFO 22716 --- [    Test worker] .s.s.UserDetailsServiceAutoConfiguration : 

Using generated security password: 5ddfec98-53ea-47ee-906b-b085e8d7da38

2021-11-03 17:41:33.601  INFO 22716 --- [    Test worker] o.s.s.web.DefaultSecurityFilterChain     : Creating filter chain: any request, [org.springframework.security.web.context.request.async.WebAsyncManagerIntegrationFilter@648f5402, org.springframework.security.web.context.SecurityContextPersistenceFilter@1673419b, org.springframework.security.web.header.HeaderWriterFilter@19548f4e, org.springframework.security.web.csrf.CsrfFilter@542ef679, org.springframework.security.web.authentication.logout.LogoutFilter@3b9c4bce, org.springframework.security.web.authentication.UsernamePasswordAuthenticationFilter@31164bff, org.springframework.security.web.authentication.ui.DefaultLoginPageGeneratingFilter@1490596e, org.springframework.security.web.authentication.ui.DefaultLogoutPageGeneratingFilter@7f08ca13, org.springframework.security.web.authentication.www.BasicAuthenticationFilter@5ba28fcf, org.springframework.security.web.savedrequest.RequestCacheAwareFilter@427bbb79, org.springframework.security.web.servletapi.SecurityContextHolderAwareRequestFilter@7f686287, org.springframework.security.web.authentication.AnonymousAuthenticationFilter@301beeca, org.springframework.security.web.session.SessionManagementFilter@3aea3f23, org.springframework.security.web.access.ExceptionTranslationFilter@337cf418, org.springframework.security.web.access.intercept.FilterSecurityInterceptor@15949159]
2021-11-03 17:41:33.702  INFO 22716 --- [    Test worker] o.s.b.t.m.w.SpringBootMockServletContext : Initializing Spring TestDispatcherServlet ''
2021-11-03 17:41:33.702  INFO 22716 --- [    Test worker] o.s.t.web.servlet.TestDispatcherServlet  : Initializing Servlet ''
2021-11-03 17:41:33.740  INFO 22716 --- [    Test worker] o.s.t.web.servlet.TestDispatcherServlet  : Completed initialization in 38 ms
2021-11-03 17:41:33.828  INFO 22716 --- [    Test worker] c.g.b.s.web.HelloControllerTest          : Started HelloControllerTest in 3.165 seconds (JVM running for 25.095)
]]></system-out>
  <system-err><![CDATA[]]></system-err>
</testsuite>
