<?xml version="1.0" encoding="UTF-8"?>
<testsuite name="com.cutehuman.springboot.web.IndexControllerTest" tests="1" skipped="0" failures="0" errors="0" timestamp="2021-11-08T15:34:32" hostname="DESKTOP-GL7BU0I" time="0.231">
  <properties/>
  <testcase name="메인페이지_로딩" classname="com.cutehuman.springboot.web.IndexControllerTest" time="0.231"/>
  <system-out><![CDATA[2021-11-09 00:34:29.888  INFO 9116 --- [    Test worker] .b.t.c.SpringBootTestContextBootstrapper : Neither @ContextConfiguration nor @ContextHierarchy found for test class [com.cutehuman.springboot.web.IndexControllerTest], using SpringBootContextLoader
2021-11-09 00:34:29.891  INFO 9116 --- [    Test worker] o.s.t.c.support.AbstractContextLoader    : Could not detect default resource locations for test class [com.cutehuman.springboot.web.IndexControllerTest]: no resource found for suffixes {-context.xml, Context.groovy}.
2021-11-09 00:34:29.892  INFO 9116 --- [    Test worker] t.c.s.AnnotationConfigContextLoaderUtils : Could not detect default configuration classes for test class [com.cutehuman.springboot.web.IndexControllerTest]: IndexControllerTest does not declare any static, non-private, non-final, nested classes annotated with @Configuration.
2021-11-09 00:34:29.894  INFO 9116 --- [    Test worker] .b.t.c.SpringBootTestContextBootstrapper : Found @SpringBootConfiguration com.cutehuman.springboot.Application for test class com.cutehuman.springboot.web.IndexControllerTest
2021-11-09 00:34:29.895  INFO 9116 --- [    Test worker] .b.t.c.SpringBootTestContextBootstrapper : Loaded default TestExecutionListener class names from location [META-INF/spring.factories]: [org.springframework.security.test.context.support.WithSecurityContextTestExecutionListener, org.springframework.security.test.context.support.ReactorContextTestExecutionListener, org.springframework.boot.test.autoconfigure.restdocs.RestDocsTestExecutionListener, org.springframework.boot.test.autoconfigure.web.client.MockRestServiceServerResetTestExecutionListener, org.springframework.boot.test.autoconfigure.web.servlet.MockMvcPrintOnlyOnFailureTestExecutionListener, org.springframework.boot.test.autoconfigure.web.servlet.WebDriverTestExecutionListener, org.springframework.boot.test.mock.mockito.MockitoTestExecutionListener, org.springframework.boot.test.mock.mockito.ResetMocksTestExecutionListener, org.springframework.test.context.web.ServletTestExecutionListener, org.springframework.test.context.support.DirtiesContextBeforeModesTestExecutionListener, org.springframework.test.context.support.DependencyInjectionTestExecutionListener, org.springframework.test.context.support.DirtiesContextTestExecutionListener, org.springframework.test.context.transaction.TransactionalTestExecutionListener, org.springframework.test.context.jdbc.SqlScriptsTestExecutionListener]
2021-11-09 00:34:29.896  INFO 9116 --- [    Test worker] .b.t.c.SpringBootTestContextBootstrapper : Using TestExecutionListeners: [org.springframework.test.context.web.ServletTestExecutionListener@5cdb1946, org.springframework.test.context.support.DirtiesContextBeforeModesTestExecutionListener@5074cca7, org.springframework.boot.test.mock.mockito.MockitoTestExecutionListener@4adcfc2f, org.springframework.boot.test.autoconfigure.SpringBootDependencyInjectionTestExecutionListener@30355a0b, org.springframework.test.context.support.DirtiesContextTestExecutionListener@34206462, org.springframework.test.context.transaction.TransactionalTestExecutionListener@424787b5, org.springframework.test.context.jdbc.SqlScriptsTestExecutionListener@6f573656, org.springframework.security.test.context.support.WithSecurityContextTestExecutionListener@7528dcb5, org.springframework.security.test.context.support.ReactorContextTestExecutionListener@421cb506, org.springframework.boot.test.autoconfigure.restdocs.RestDocsTestExecutionListener@3c18f8df, org.springframework.boot.test.autoconfigure.web.client.MockRestServiceServerResetTestExecutionListener@6a2b8c8c, org.springframework.boot.test.autoconfigure.web.servlet.MockMvcPrintOnlyOnFailureTestExecutionListener@59553808, org.springframework.boot.test.autoconfigure.web.servlet.WebDriverTestExecutionListener@7ec612a1, org.springframework.boot.test.mock.mockito.ResetMocksTestExecutionListener@563d3a6]

  .   ____          _            __ _ _
 /\\ / ___'_ __ _ _(_)_ __  __ _ \ \ \ \
( ( )\___ | '_ | '_| | '_ \/ _` | \ \ \ \
 \\/  ___)| |_)| | | | | || (_| |  ) ) ) )
  '  |____| .__|_| |_|_| |_\__, | / / / /
 =========|_|==============|___/=/_/_/_/
 :: Spring Boot ::        (v2.1.7.RELEASE)

2021-11-09 00:34:29.941  INFO 9116 --- [    Test worker] c.c.springboot.web.IndexControllerTest   : Starting IndexControllerTest on DESKTOP-GL7BU0I with PID 9116 (started by cgh65 in C:\dev\gdsc\spring)
2021-11-09 00:34:29.941  INFO 9116 --- [    Test worker] c.c.springboot.web.IndexControllerTest   : No active profile set, falling back to default profiles: default
2021-11-09 00:34:30.171  INFO 9116 --- [    Test worker] .s.d.r.c.RepositoryConfigurationDelegate : Bootstrapping Spring Data repositories in DEFAULT mode.
2021-11-09 00:34:30.192  INFO 9116 --- [    Test worker] .s.d.r.c.RepositoryConfigurationDelegate : Finished Spring Data repository scanning in 21ms. Found 2 repository interfaces.
2021-11-09 00:34:30.295  INFO 9116 --- [    Test worker] trationDelegate$BeanPostProcessorChecker : Bean 'org.springframework.transaction.annotation.ProxyTransactionManagementConfiguration' of type [org.springframework.transaction.annotation.ProxyTransactionManagementConfiguration$$EnhancerBySpringCGLIB$$d7f3c19e] is not eligible for getting processed by all BeanPostProcessors (for example: not eligible for auto-proxying)
2021-11-09 00:34:30.573  INFO 9116 --- [    Test worker] o.s.b.w.embedded.tomcat.TomcatWebServer  : Tomcat initialized with port(s): 0 (http)
2021-11-09 00:34:30.609  INFO 9116 --- [    Test worker] o.apache.catalina.core.StandardService   : Starting service [Tomcat]
2021-11-09 00:34:30.609  INFO 9116 --- [    Test worker] org.apache.catalina.core.StandardEngine  : Starting Servlet engine: [Apache Tomcat/9.0.22]
2021-11-09 00:34:30.781  INFO 9116 --- [    Test worker] o.a.c.c.C.[Tomcat].[localhost].[/]       : Initializing Spring embedded WebApplicationContext
2021-11-09 00:34:30.781  INFO 9116 --- [    Test worker] o.s.web.context.ContextLoader            : Root WebApplicationContext: initialization completed in 836 ms
2021-11-09 00:34:31.013  INFO 9116 --- [    Test worker] com.zaxxer.hikari.HikariDataSource       : HikariPool-2 - Starting...
2021-11-09 00:34:31.018  INFO 9116 --- [    Test worker] com.zaxxer.hikari.HikariDataSource       : HikariPool-2 - Start completed.
2021-11-09 00:34:31.062  INFO 9116 --- [    Test worker] o.hibernate.jpa.internal.util.LogHelper  : HHH000204: Processing PersistenceUnitInfo [
	name: default
	...]
2021-11-09 00:34:31.075  INFO 9116 --- [    Test worker] org.hibernate.dialect.Dialect            : HHH000400: Using dialect: org.hibernate.dialect.MySQL5InnoDBDialect
Hibernate: drop table if exists posts
Hibernate: drop table if exists user
Hibernate: create table posts (id bigint not null auto_increment, create_date datetime, modifie_date datetime, author varchar(255), content TEXT not null, title varchar(500) not null, primary key (id)) engine=InnoDB
Hibernate: create table user (id bigint not null auto_increment, create_date datetime, modifie_date datetime, email varchar(255) not null, name varchar(255) not null, picture varchar(255), role varchar(255) not null, primary key (id)) engine=InnoDB
2021-11-09 00:34:31.137  INFO 9116 --- [    Test worker] o.h.t.schema.internal.SchemaCreatorImpl  : HHH000476: Executing import script 'org.hibernate.tool.schema.internal.exec.ScriptSourceInputNonExistentImpl@1c92f5d4'
2021-11-09 00:34:31.138  INFO 9116 --- [    Test worker] j.LocalContainerEntityManagerFactoryBean : Initialized JPA EntityManagerFactory for persistence unit 'default'
2021-11-09 00:34:31.525  INFO 9116 --- [    Test worker] o.h.h.i.QueryTranslatorFactoryInitiator  : HHH000397: Using ASTQueryTranslatorFactory
2021-11-09 00:34:31.713  INFO 9116 --- [    Test worker] o.s.s.web.DefaultSecurityFilterChain     : Creating filter chain: any request, [org.springframework.security.web.context.request.async.WebAsyncManagerIntegrationFilter@5ec58e56, org.springframework.security.web.context.SecurityContextPersistenceFilter@70ca6e0f, org.springframework.security.web.header.HeaderWriterFilter@1569e0aa, org.springframework.security.web.authentication.logout.LogoutFilter@9ad66f3, org.springframework.security.oauth2.client.web.OAuth2AuthorizationRequestRedirectFilter@139d54dd, org.springframework.security.oauth2.client.web.OAuth2LoginAuthenticationFilter@4e2ea5c7, org.springframework.security.web.authentication.ui.DefaultLoginPageGeneratingFilter@2a34dfac, org.springframework.security.web.authentication.ui.DefaultLogoutPageGeneratingFilter@7492b404, org.springframework.security.web.savedrequest.RequestCacheAwareFilter@7ad41e79, org.springframework.security.web.servletapi.SecurityContextHolderAwareRequestFilter@20e2cd39, org.springframework.security.web.authentication.AnonymousAuthenticationFilter@d502df7, org.springframework.security.web.session.SessionManagementFilter@58ca52c3, org.springframework.security.web.access.ExceptionTranslationFilter@28044205, org.springframework.security.web.access.intercept.FilterSecurityInterceptor@751becd6]
2021-11-09 00:34:31.948  INFO 9116 --- [    Test worker] o.s.s.concurrent.ThreadPoolTaskExecutor  : Initializing ExecutorService 'applicationTaskExecutor'
2021-11-09 00:34:31.968  WARN 9116 --- [    Test worker] aWebConfiguration$JpaWebMvcConfiguration : spring.jpa.open-in-view is enabled by default. Therefore, database queries may be performed during view rendering. Explicitly configure spring.jpa.open-in-view to disable this warning
2021-11-09 00:34:32.028  INFO 9116 --- [    Test worker] o.s.b.a.w.s.WelcomePageHandlerMapping    : Adding welcome page template: index
2021-11-09 00:34:32.361  INFO 9116 --- [    Test worker] s.a.ScheduledAnnotationBeanPostProcessor : No TaskScheduler/ScheduledExecutorService bean found for scheduled processing
2021-11-09 00:34:32.388  INFO 9116 --- [    Test worker] o.s.b.w.embedded.tomcat.TomcatWebServer  : Tomcat started on port(s): 63324 (http) with context path ''
2021-11-09 00:34:32.389  INFO 9116 --- [    Test worker] c.c.springboot.web.IndexControllerTest   : Started IndexControllerTest in 2.491 seconds (JVM running for 13.806)
2021-11-09 00:34:32.504  INFO 9116 --- [o-auto-1-exec-1] o.a.c.c.C.[Tomcat].[localhost].[/]       : Initializing Spring DispatcherServlet 'dispatcherServlet'
2021-11-09 00:34:32.504  INFO 9116 --- [o-auto-1-exec-1] o.s.web.servlet.DispatcherServlet        : Initializing Servlet 'dispatcherServlet'
2021-11-09 00:34:32.525  INFO 9116 --- [o-auto-1-exec-1] o.s.web.servlet.DispatcherServlet        : Completed initialization in 21 ms
Hibernate: select posts0_.id as id1_0_, posts0_.create_date as create_d2_0_, posts0_.modifie_date as modifie_3_0_, posts0_.author as author4_0_, posts0_.content as content5_0_, posts0_.title as title6_0_ from posts posts0_ order by posts0_.id DESC
]]></system-out>
  <system-err><![CDATA[]]></system-err>
</testsuite>
