<?xml version="1.0" encoding="UTF-8"?>
<testsuite name="com.cutehuman.springboot.web.PostsApiControllerTest" tests="2" skipped="0" failures="0" errors="0" timestamp="2021-11-08T15:34:32" hostname="DESKTOP-GL7BU0I" time="0.135">
  <properties/>
  <testcase name="Posts_등록된다" classname="com.cutehuman.springboot.web.PostsApiControllerTest" time="0.089"/>
  <testcase name="Posts_수정된다" classname="com.cutehuman.springboot.web.PostsApiControllerTest" time="0.045"/>
  <system-out><![CDATA[2021-11-09 00:34:32.631  INFO 9116 --- [    Test worker] .b.t.c.SpringBootTestContextBootstrapper : Neither @ContextConfiguration nor @ContextHierarchy found for test class [com.cutehuman.springboot.web.PostsApiControllerTest], using SpringBootContextLoader
2021-11-09 00:34:32.634  INFO 9116 --- [    Test worker] o.s.t.c.support.AbstractContextLoader    : Could not detect default resource locations for test class [com.cutehuman.springboot.web.PostsApiControllerTest]: no resource found for suffixes {-context.xml, Context.groovy}.
2021-11-09 00:34:32.634  INFO 9116 --- [    Test worker] t.c.s.AnnotationConfigContextLoaderUtils : Could not detect default configuration classes for test class [com.cutehuman.springboot.web.PostsApiControllerTest]: PostsApiControllerTest does not declare any static, non-private, non-final, nested classes annotated with @Configuration.
2021-11-09 00:34:32.637  INFO 9116 --- [    Test worker] .b.t.c.SpringBootTestContextBootstrapper : Found @SpringBootConfiguration com.cutehuman.springboot.Application for test class com.cutehuman.springboot.web.PostsApiControllerTest
2021-11-09 00:34:32.638  INFO 9116 --- [    Test worker] .b.t.c.SpringBootTestContextBootstrapper : Loaded default TestExecutionListener class names from location [META-INF/spring.factories]: [org.springframework.security.test.context.support.WithSecurityContextTestExecutionListener, org.springframework.security.test.context.support.ReactorContextTestExecutionListener, org.springframework.boot.test.autoconfigure.restdocs.RestDocsTestExecutionListener, org.springframework.boot.test.autoconfigure.web.client.MockRestServiceServerResetTestExecutionListener, org.springframework.boot.test.autoconfigure.web.servlet.MockMvcPrintOnlyOnFailureTestExecutionListener, org.springframework.boot.test.autoconfigure.web.servlet.WebDriverTestExecutionListener, org.springframework.boot.test.mock.mockito.MockitoTestExecutionListener, org.springframework.boot.test.mock.mockito.ResetMocksTestExecutionListener, org.springframework.test.context.web.ServletTestExecutionListener, org.springframework.test.context.support.DirtiesContextBeforeModesTestExecutionListener, org.springframework.test.context.support.DependencyInjectionTestExecutionListener, org.springframework.test.context.support.DirtiesContextTestExecutionListener, org.springframework.test.context.transaction.TransactionalTestExecutionListener, org.springframework.test.context.jdbc.SqlScriptsTestExecutionListener]
2021-11-09 00:34:32.640  INFO 9116 --- [    Test worker] .b.t.c.SpringBootTestContextBootstrapper : Using TestExecutionListeners: [org.springframework.test.context.web.ServletTestExecutionListener@4e5c2ee6, org.springframework.test.context.support.DirtiesContextBeforeModesTestExecutionListener@214b5a30, org.springframework.boot.test.mock.mockito.MockitoTestExecutionListener@5817a031, org.springframework.boot.test.autoconfigure.SpringBootDependencyInjectionTestExecutionListener@4d4ba18f, org.springframework.test.context.support.DirtiesContextTestExecutionListener@62cf8dde, org.springframework.test.context.transaction.TransactionalTestExecutionListener@19aec16d, org.springframework.test.context.jdbc.SqlScriptsTestExecutionListener@7c5dec41, org.springframework.security.test.context.support.WithSecurityContextTestExecutionListener@6c8a7d9c, org.springframework.security.test.context.support.ReactorContextTestExecutionListener@7235bcae, org.springframework.boot.test.autoconfigure.restdocs.RestDocsTestExecutionListener@1d7fae2c, org.springframework.boot.test.autoconfigure.web.client.MockRestServiceServerResetTestExecutionListener@ed37626, org.springframework.boot.test.autoconfigure.web.servlet.MockMvcPrintOnlyOnFailureTestExecutionListener@310a9cfd, org.springframework.boot.test.autoconfigure.web.servlet.WebDriverTestExecutionListener@6e8586be, org.springframework.boot.test.mock.mockito.ResetMocksTestExecutionListener@e6b4b8c]
2021-11-09 00:34:32.648  INFO 9116 --- [    Test worker] o.a.c.c.C.[Tomcat].[localhost].[/]       : Initializing Spring TestDispatcherServlet ''
2021-11-09 00:34:32.652  INFO 9116 --- [    Test worker] o.s.t.web.servlet.TestDispatcherServlet  : Initializing Servlet ''
2021-11-09 00:34:32.655  INFO 9116 --- [    Test worker] o.s.t.web.servlet.TestDispatcherServlet  : Completed initialization in 3 ms
Hibernate: insert into posts (create_date, modifie_date, author, content, title) values (?, ?, ?, ?, ?)
Hibernate: select posts0_.id as id1_0_, posts0_.create_date as create_d2_0_, posts0_.modifie_date as modifie_3_0_, posts0_.author as author4_0_, posts0_.content as content5_0_, posts0_.title as title6_0_ from posts posts0_
Hibernate: select posts0_.id as id1_0_, posts0_.create_date as create_d2_0_, posts0_.modifie_date as modifie_3_0_, posts0_.author as author4_0_, posts0_.content as content5_0_, posts0_.title as title6_0_ from posts posts0_
Hibernate: delete from posts where id=?
2021-11-09 00:34:32.738  INFO 9116 --- [    Test worker] o.a.c.c.C.[Tomcat].[localhost].[/]       : Initializing Spring TestDispatcherServlet ''
2021-11-09 00:34:32.738  INFO 9116 --- [    Test worker] o.s.t.web.servlet.TestDispatcherServlet  : Initializing Servlet ''
2021-11-09 00:34:32.740  INFO 9116 --- [    Test worker] o.s.t.web.servlet.TestDispatcherServlet  : Completed initialization in 2 ms
Hibernate: insert into posts (create_date, modifie_date, author, content, title) values (?, ?, ?, ?, ?)
Hibernate: select posts0_.id as id1_0_0_, posts0_.create_date as create_d2_0_0_, posts0_.modifie_date as modifie_3_0_0_, posts0_.author as author4_0_0_, posts0_.content as content5_0_0_, posts0_.title as title6_0_0_ from posts posts0_ where posts0_.id=?
Hibernate: update posts set create_date=?, modifie_date=?, author=?, content=?, title=? where id=?
Hibernate: select posts0_.id as id1_0_, posts0_.create_date as create_d2_0_, posts0_.modifie_date as modifie_3_0_, posts0_.author as author4_0_, posts0_.content as content5_0_, posts0_.title as title6_0_ from posts posts0_
Hibernate: select posts0_.id as id1_0_, posts0_.create_date as create_d2_0_, posts0_.modifie_date as modifie_3_0_, posts0_.author as author4_0_, posts0_.content as content5_0_, posts0_.title as title6_0_ from posts posts0_
Hibernate: delete from posts where id=?
]]></system-out>
  <system-err><![CDATA[]]></system-err>
</testsuite>
