<?xml version="1.0" encoding="UTF-8"?>
<testsuite name="com.cutehuman.springboot.web.HelloControllerTest" tests="2" skipped="0" failures="0" errors="0" timestamp="2021-11-08T15:34:29" hostname="DESKTOP-GL7BU0I" time="0.191">
  <properties/>
  <testcase name="hello가_리턴된다" classname="com.cutehuman.springboot.web.HelloControllerTest" time="0.072"/>
  <testcase name="helloDto가_리턴된다" classname="com.cutehuman.springboot.web.HelloControllerTest" time="0.118"/>
  <system-out><![CDATA[2021-11-09 00:34:28.477  INFO 9116 --- [    Test worker] .b.t.a.w.s.WebMvcTestContextBootstrapper : Neither @ContextConfiguration nor @ContextHierarchy found for test class [com.cutehuman.springboot.web.HelloControllerTest], using SpringBootContextLoader
2021-11-09 00:34:28.483  INFO 9116 --- [    Test worker] o.s.t.c.support.AbstractContextLoader    : Could not detect default resource locations for test class [com.cutehuman.springboot.web.HelloControllerTest]: no resource found for suffixes {-context.xml, Context.groovy}.
2021-11-09 00:34:28.483  INFO 9116 --- [    Test worker] t.c.s.AnnotationConfigContextLoaderUtils : Could not detect default configuration classes for test class [com.cutehuman.springboot.web.HelloControllerTest]: HelloControllerTest does not declare any static, non-private, non-final, nested classes annotated with @Configuration.
2021-11-09 00:34:28.513  INFO 9116 --- [    Test worker] .b.t.c.SpringBootTestContextBootstrapper : Found @SpringBootConfiguration com.cutehuman.springboot.Application for test class com.cutehuman.springboot.web.HelloControllerTest
2021-11-09 00:34:28.514  INFO 9116 --- [    Test worker] .b.t.a.w.s.WebMvcTestContextBootstrapper : Loaded default TestExecutionListener class names from location [META-INF/spring.factories]: [org.springframework.security.test.context.support.WithSecurityContextTestExecutionListener, org.springframework.security.test.context.support.ReactorContextTestExecutionListener, org.springframework.boot.test.autoconfigure.restdocs.RestDocsTestExecutionListener, org.springframework.boot.test.autoconfigure.web.client.MockRestServiceServerResetTestExecutionListener, org.springframework.boot.test.autoconfigure.web.servlet.MockMvcPrintOnlyOnFailureTestExecutionListener, org.springframework.boot.test.autoconfigure.web.servlet.WebDriverTestExecutionListener, org.springframework.boot.test.mock.mockito.MockitoTestExecutionListener, org.springframework.boot.test.mock.mockito.ResetMocksTestExecutionListener, org.springframework.test.context.web.ServletTestExecutionListener, org.springframework.test.context.support.DirtiesContextBeforeModesTestExecutionListener, org.springframework.test.context.support.DependencyInjectionTestExecutionListener, org.springframework.test.context.support.DirtiesContextTestExecutionListener, org.springframework.test.context.transaction.TransactionalTestExecutionListener, org.springframework.test.context.jdbc.SqlScriptsTestExecutionListener]
2021-11-09 00:34:28.516  INFO 9116 --- [    Test worker] .b.t.a.w.s.WebMvcTestContextBootstrapper : Using TestExecutionListeners: [org.springframework.test.context.web.ServletTestExecutionListener@524ec1ee, org.springframework.test.context.support.DirtiesContextBeforeModesTestExecutionListener@451723db, org.springframework.boot.test.mock.mockito.MockitoTestExecutionListener@d976ba5, org.springframework.boot.test.autoconfigure.SpringBootDependencyInjectionTestExecutionListener@68f789f3, org.springframework.test.context.support.DirtiesContextTestExecutionListener@4c1274b2, org.springframework.test.context.transaction.TransactionalTestExecutionListener@30e79f10, org.springframework.test.context.jdbc.SqlScriptsTestExecutionListener@61b10ea, org.springframework.security.test.context.support.WithSecurityContextTestExecutionListener@5277b9cb, org.springframework.security.test.context.support.ReactorContextTestExecutionListener@d9ff0d3, org.springframework.boot.test.autoconfigure.restdocs.RestDocsTestExecutionListener@18ce16f, org.springframework.boot.test.autoconfigure.web.client.MockRestServiceServerResetTestExecutionListener@5fce2df4, org.springframework.boot.test.autoconfigure.web.servlet.MockMvcPrintOnlyOnFailureTestExecutionListener@30187e27, org.springframework.boot.test.autoconfigure.web.servlet.WebDriverTestExecutionListener@4273099f, org.springframework.boot.test.mock.mockito.ResetMocksTestExecutionListener@24121f27]

  .   ____          _            __ _ _
 /\\ / ___'_ __ _ _(_)_ __  __ _ \ \ \ \
( ( )\___ | '_ | '_| | '_ \/ _` | \ \ \ \
 \\/  ___)| |_)| | | | | || (_| |  ) ) ) )
  '  |____| .__|_| |_|_| |_\__, | / / / /
 =========|_|==============|___/=/_/_/_/
 :: Spring Boot ::        (v2.1.7.RELEASE)

2021-11-09 00:34:28.566  INFO 9116 --- [    Test worker] c.c.springboot.web.HelloControllerTest   : Starting HelloControllerTest on DESKTOP-GL7BU0I with PID 9116 (started by cgh65 in C:\dev\gdsc\spring)
2021-11-09 00:34:28.566  INFO 9116 --- [    Test worker] c.c.springboot.web.HelloControllerTest   : No active profile set, falling back to default profiles: default
2021-11-09 00:34:29.092  INFO 9116 --- [    Test worker] o.s.s.concurrent.ThreadPoolTaskExecutor  : Initializing ExecutorService 'applicationTaskExecutor'
2021-11-09 00:34:29.134  INFO 9116 --- [    Test worker] o.s.b.a.w.s.WelcomePageHandlerMapping    : Adding welcome page template: index
2021-11-09 00:34:29.408  INFO 9116 --- [    Test worker] .s.s.UserDetailsServiceAutoConfiguration : 

Using generated security password: 924b209f-8226-46ac-b057-0a43e84bd88d

2021-11-09 00:34:29.605  INFO 9116 --- [    Test worker] o.s.s.web.DefaultSecurityFilterChain     : Creating filter chain: any request, [org.springframework.security.web.context.request.async.WebAsyncManagerIntegrationFilter@751641ba, org.springframework.security.web.context.SecurityContextPersistenceFilter@44e934a8, org.springframework.security.web.header.HeaderWriterFilter@171b3ede, org.springframework.security.web.csrf.CsrfFilter@58123a61, org.springframework.security.web.authentication.logout.LogoutFilter@79d20469, org.springframework.security.web.authentication.UsernamePasswordAuthenticationFilter@2c66a1a0, org.springframework.security.web.authentication.ui.DefaultLoginPageGeneratingFilter@2352dc1c, org.springframework.security.web.authentication.ui.DefaultLogoutPageGeneratingFilter@127703d, org.springframework.security.web.authentication.www.BasicAuthenticationFilter@71a155c4, org.springframework.security.web.savedrequest.RequestCacheAwareFilter@2dd9b119, org.springframework.security.web.servletapi.SecurityContextHolderAwareRequestFilter@637a97b2, org.springframework.security.web.authentication.AnonymousAuthenticationFilter@7ad30aa8, org.springframework.security.web.session.SessionManagementFilter@5e13df6e, org.springframework.security.web.access.ExceptionTranslationFilter@19fe14f8, org.springframework.security.web.access.intercept.FilterSecurityInterceptor@4cf84b41]
2021-11-09 00:34:29.641  INFO 9116 --- [    Test worker] o.s.b.t.m.w.SpringBootMockServletContext : Initializing Spring TestDispatcherServlet ''
2021-11-09 00:34:29.641  INFO 9116 --- [    Test worker] o.s.t.web.servlet.TestDispatcherServlet  : Initializing Servlet ''
2021-11-09 00:34:29.661  INFO 9116 --- [    Test worker] o.s.t.web.servlet.TestDispatcherServlet  : Completed initialization in 20 ms
2021-11-09 00:34:29.691  INFO 9116 --- [    Test worker] c.c.springboot.web.HelloControllerTest   : Started HelloControllerTest in 1.165 seconds (JVM running for 11.108)
]]></system-out>
  <system-err><![CDATA[]]></system-err>
</testsuite>
