<?xml version="1.0" encoding="UTF-8"?>
<testsuite name="com.cutehuman.springboot.web.domain.posts.PostsRepositoryTest" tests="2" skipped="0" failures="0" errors="0" timestamp="2021-11-08T15:34:28" hostname="DESKTOP-GL7BU0I" time="0.317">
  <properties/>
  <testcase name="게시글저장_불러오기" classname="com.cutehuman.springboot.web.domain.posts.PostsRepositoryTest" time="0.306"/>
  <testcase name="BaseTimeEntity_등록" classname="com.cutehuman.springboot.web.domain.posts.PostsRepositoryTest" time="0.011"/>
  <system-out><![CDATA[00:34:19.769 [Test worker] DEBUG org.springframework.test.context.junit4.SpringJUnit4ClassRunner - SpringJUnit4ClassRunner constructor called with [class com.cutehuman.springboot.web.domain.posts.PostsRepositoryTest]
00:34:19.790 [Test worker] DEBUG org.springframework.test.context.BootstrapUtils - Instantiating CacheAwareContextLoaderDelegate from class [org.springframework.test.context.cache.DefaultCacheAwareContextLoaderDelegate]
00:34:19.808 [Test worker] DEBUG org.springframework.test.context.BootstrapUtils - Instantiating BootstrapContext using constructor [public org.springframework.test.context.support.DefaultBootstrapContext(java.lang.Class,org.springframework.test.context.CacheAwareContextLoaderDelegate)]
00:34:19.845 [Test worker] DEBUG org.springframework.test.context.BootstrapUtils - Instantiating TestContextBootstrapper for test class [com.cutehuman.springboot.web.domain.posts.PostsRepositoryTest] from class [org.springframework.boot.test.context.SpringBootTestContextBootstrapper]
00:34:19.867 [Test worker] INFO org.springframework.boot.test.context.SpringBootTestContextBootstrapper - Neither @ContextConfiguration nor @ContextHierarchy found for test class [com.cutehuman.springboot.web.domain.posts.PostsRepositoryTest], using SpringBootContextLoader
00:34:19.876 [Test worker] DEBUG org.springframework.test.context.support.AbstractContextLoader - Did not detect default resource location for test class [com.cutehuman.springboot.web.domain.posts.PostsRepositoryTest]: class path resource [com/cutehuman/springboot/web/domain/posts/PostsRepositoryTest-context.xml] does not exist
00:34:19.878 [Test worker] DEBUG org.springframework.test.context.support.AbstractContextLoader - Did not detect default resource location for test class [com.cutehuman.springboot.web.domain.posts.PostsRepositoryTest]: class path resource [com/cutehuman/springboot/web/domain/posts/PostsRepositoryTestContext.groovy] does not exist
00:34:19.878 [Test worker] INFO org.springframework.test.context.support.AbstractContextLoader - Could not detect default resource locations for test class [com.cutehuman.springboot.web.domain.posts.PostsRepositoryTest]: no resource found for suffixes {-context.xml, Context.groovy}.
00:34:19.880 [Test worker] INFO org.springframework.test.context.support.AnnotationConfigContextLoaderUtils - Could not detect default configuration classes for test class [com.cutehuman.springboot.web.domain.posts.PostsRepositoryTest]: PostsRepositoryTest does not declare any static, non-private, non-final, nested classes annotated with @Configuration.
00:34:19.942 [Test worker] DEBUG org.springframework.test.context.support.ActiveProfilesUtils - Could not find an 'annotation declaring class' for annotation type [org.springframework.test.context.ActiveProfiles] and class [com.cutehuman.springboot.web.domain.posts.PostsRepositoryTest]
00:34:20.088 [Test worker] DEBUG org.springframework.context.annotation.ClassPathScanningCandidateComponentProvider - Identified candidate component class: file [C:\dev\gdsc\spring\build\classes\java\main\com\cutehuman\springboot\Application.class]
00:34:20.091 [Test worker] INFO org.springframework.boot.test.context.SpringBootTestContextBootstrapper - Found @SpringBootConfiguration com.cutehuman.springboot.Application for test class com.cutehuman.springboot.web.domain.posts.PostsRepositoryTest
00:34:20.219 [Test worker] DEBUG org.springframework.boot.test.context.SpringBootTestContextBootstrapper - @TestExecutionListeners is not present for class [com.cutehuman.springboot.web.domain.posts.PostsRepositoryTest]: using defaults.
00:34:20.223 [Test worker] INFO org.springframework.boot.test.context.SpringBootTestContextBootstrapper - Loaded default TestExecutionListener class names from location [META-INF/spring.factories]: [org.springframework.security.test.context.support.WithSecurityContextTestExecutionListener, org.springframework.security.test.context.support.ReactorContextTestExecutionListener, org.springframework.boot.test.autoconfigure.restdocs.RestDocsTestExecutionListener, org.springframework.boot.test.autoconfigure.web.client.MockRestServiceServerResetTestExecutionListener, org.springframework.boot.test.autoconfigure.web.servlet.MockMvcPrintOnlyOnFailureTestExecutionListener, org.springframework.boot.test.autoconfigure.web.servlet.WebDriverTestExecutionListener, org.springframework.boot.test.mock.mockito.MockitoTestExecutionListener, org.springframework.boot.test.mock.mockito.ResetMocksTestExecutionListener, org.springframework.test.context.web.ServletTestExecutionListener, org.springframework.test.context.support.DirtiesContextBeforeModesTestExecutionListener, org.springframework.test.context.support.DependencyInjectionTestExecutionListener, org.springframework.test.context.support.DirtiesContextTestExecutionListener, org.springframework.test.context.transaction.TransactionalTestExecutionListener, org.springframework.test.context.jdbc.SqlScriptsTestExecutionListener]
00:34:20.252 [Test worker] INFO org.springframework.boot.test.context.SpringBootTestContextBootstrapper - Using TestExecutionListeners: [org.springframework.test.context.web.ServletTestExecutionListener@3cee2db4, org.springframework.test.context.support.DirtiesContextBeforeModesTestExecutionListener@1a58c9db, org.springframework.boot.test.mock.mockito.MockitoTestExecutionListener@60133090, org.springframework.boot.test.autoconfigure.SpringBootDependencyInjectionTestExecutionListener@740610db, org.springframework.test.context.support.DirtiesContextTestExecutionListener@39480062, org.springframework.test.context.transaction.TransactionalTestExecutionListener@65020081, org.springframework.test.context.jdbc.SqlScriptsTestExecutionListener@1c6c2b01, org.springframework.security.test.context.support.WithSecurityContextTestExecutionListener@5828709f, org.springframework.security.test.context.support.ReactorContextTestExecutionListener@211a20e8, org.springframework.boot.test.autoconfigure.restdocs.RestDocsTestExecutionListener@54692a42, org.springframework.boot.test.autoconfigure.web.client.MockRestServiceServerResetTestExecutionListener@29a037ed, org.springframework.boot.test.autoconfigure.web.servlet.MockMvcPrintOnlyOnFailureTestExecutionListener@321706ce, org.springframework.boot.test.autoconfigure.web.servlet.WebDriverTestExecutionListener@42fa6d04, org.springframework.boot.test.mock.mockito.ResetMocksTestExecutionListener@5fdc6423]
00:34:20.257 [Test worker] DEBUG org.springframework.test.annotation.ProfileValueUtils - Retrieved @ProfileValueSourceConfiguration [null] for test class [com.cutehuman.springboot.web.domain.posts.PostsRepositoryTest]
00:34:20.257 [Test worker] DEBUG org.springframework.test.annotation.ProfileValueUtils - Retrieved ProfileValueSource type [class org.springframework.test.annotation.SystemProfileValueSource] for class [com.cutehuman.springboot.web.domain.posts.PostsRepositoryTest]
00:34:20.258 [Test worker] DEBUG org.springframework.test.annotation.ProfileValueUtils - Retrieved @ProfileValueSourceConfiguration [null] for test class [com.cutehuman.springboot.web.domain.posts.PostsRepositoryTest]
00:34:20.259 [Test worker] DEBUG org.springframework.test.annotation.ProfileValueUtils - Retrieved ProfileValueSource type [class org.springframework.test.annotation.SystemProfileValueSource] for class [com.cutehuman.springboot.web.domain.posts.PostsRepositoryTest]
00:34:20.266 [Test worker] DEBUG org.springframework.test.context.support.AbstractDirtiesContextTestExecutionListener - Before test class: context [DefaultTestContext@74415973 testClass = PostsRepositoryTest, testInstance = [null], testMethod = [null], testException = [null], mergedContextConfiguration = [WebMergedContextConfiguration@dfdf2b6 testClass = PostsRepositoryTest, locations = '{}', classes = '{class com.cutehuman.springboot.Application}', contextInitializerClasses = '[]', activeProfiles = '{}', propertySourceLocations = '{}', propertySourceProperties = '{org.springframework.boot.test.context.SpringBootTestContextBootstrapper=true}', contextCustomizers = set[org.springframework.boot.test.autoconfigure.properties.PropertyMappingContextCustomizer@0, org.springframework.boot.test.autoconfigure.web.servlet.WebDriverContextCustomizerFactory$Customizer@1102e222, org.springframework.boot.test.context.filter.ExcludeFilterContextCustomizer@3ab91974, org.springframework.boot.test.json.DuplicateJsonObjectContextCustomizerFactory$DuplicateJsonObjectContextCustomizer@341fae36, org.springframework.boot.test.mock.mockito.MockitoContextCustomizer@0, org.springframework.boot.test.web.client.TestRestTemplateContextCustomizer@7ffb6757], resourceBasePath = 'src/main/webapp', contextLoader = 'org.springframework.boot.test.context.SpringBootContextLoader', parent = [null]], attributes = map['org.springframework.test.context.web.ServletTestExecutionListener.activateListener' -> true]], class annotated with @DirtiesContext [false] with mode [null].
00:34:20.268 [Test worker] DEBUG org.springframework.test.annotation.ProfileValueUtils - Retrieved @ProfileValueSourceConfiguration [null] for test class [com.cutehuman.springboot.web.domain.posts.PostsRepositoryTest]
00:34:20.268 [Test worker] DEBUG org.springframework.test.annotation.ProfileValueUtils - Retrieved ProfileValueSource type [class org.springframework.test.annotation.SystemProfileValueSource] for class [com.cutehuman.springboot.web.domain.posts.PostsRepositoryTest]
00:34:20.301 [Test worker] DEBUG org.springframework.test.context.support.TestPropertySourceUtils - Adding inlined properties to environment: {spring.jmx.enabled=false, org.springframework.boot.test.context.SpringBootTestContextBootstrapper=true, server.port=-1}

  .   ____          _            __ _ _
 /\\ / ___'_ __ _ _(_)_ __  __ _ \ \ \ \
( ( )\___ | '_ | '_| | '_ \/ _` | \ \ \ \
 \\/  ___)| |_)| | | | | || (_| |  ) ) ) )
  '  |____| .__|_| |_|_| |_\__, | / / / /
 =========|_|==============|___/=/_/_/_/
 :: Spring Boot ::        (v2.1.7.RELEASE)

2021-11-09 00:34:20.715  INFO 9116 --- [    Test worker] c.c.s.w.d.posts.PostsRepositoryTest      : Starting PostsRepositoryTest on DESKTOP-GL7BU0I with PID 9116 (started by cgh65 in C:\dev\gdsc\spring)
2021-11-09 00:34:20.717  INFO 9116 --- [    Test worker] c.c.s.w.d.posts.PostsRepositoryTest      : No active profile set, falling back to default profiles: default
2021-11-09 00:34:21.923  INFO 9116 --- [    Test worker] .s.d.r.c.RepositoryConfigurationDelegate : Bootstrapping Spring Data repositories in DEFAULT mode.
2021-11-09 00:34:22.018  INFO 9116 --- [    Test worker] .s.d.r.c.RepositoryConfigurationDelegate : Finished Spring Data repository scanning in 84ms. Found 2 repository interfaces.
2021-11-09 00:34:22.683  INFO 9116 --- [    Test worker] trationDelegate$BeanPostProcessorChecker : Bean 'org.springframework.transaction.annotation.ProxyTransactionManagementConfiguration' of type [org.springframework.transaction.annotation.ProxyTransactionManagementConfiguration$$EnhancerBySpringCGLIB$$d7f3c19e] is not eligible for getting processed by all BeanPostProcessors (for example: not eligible for auto-proxying)
2021-11-09 00:34:23.000  INFO 9116 --- [    Test worker] com.zaxxer.hikari.HikariDataSource       : HikariPool-1 - Starting...
2021-11-09 00:34:23.192  INFO 9116 --- [    Test worker] com.zaxxer.hikari.HikariDataSource       : HikariPool-1 - Start completed.
2021-11-09 00:34:23.329  INFO 9116 --- [    Test worker] o.hibernate.jpa.internal.util.LogHelper  : HHH000204: Processing PersistenceUnitInfo [
	name: default
	...]
2021-11-09 00:34:23.426  INFO 9116 --- [    Test worker] org.hibernate.Version                    : HHH000412: Hibernate Core {5.3.10.Final}
2021-11-09 00:34:23.437  INFO 9116 --- [    Test worker] org.hibernate.cfg.Environment            : HHH000206: hibernate.properties not found
2021-11-09 00:34:23.620  INFO 9116 --- [    Test worker] o.hibernate.annotations.common.Version   : HCANN000001: Hibernate Commons Annotations {5.0.4.Final}
2021-11-09 00:34:23.854  INFO 9116 --- [    Test worker] org.hibernate.dialect.Dialect            : HHH000400: Using dialect: org.hibernate.dialect.MySQL5InnoDBDialect
Hibernate: drop table if exists posts
Hibernate: drop table if exists user
Hibernate: create table posts (id bigint not null auto_increment, create_date datetime, modifie_date datetime, author varchar(255), content TEXT not null, title varchar(500) not null, primary key (id)) engine=InnoDB
Hibernate: create table user (id bigint not null auto_increment, create_date datetime, modifie_date datetime, email varchar(255) not null, name varchar(255) not null, picture varchar(255), role varchar(255) not null, primary key (id)) engine=InnoDB
2021-11-09 00:34:24.929  INFO 9116 --- [    Test worker] o.h.t.schema.internal.SchemaCreatorImpl  : HHH000476: Executing import script 'org.hibernate.tool.schema.internal.exec.ScriptSourceInputNonExistentImpl@1c92f5d4'
2021-11-09 00:34:24.933  INFO 9116 --- [    Test worker] j.LocalContainerEntityManagerFactoryBean : Initialized JPA EntityManagerFactory for persistence unit 'default'
2021-11-09 00:34:25.714  INFO 9116 --- [    Test worker] o.h.h.i.QueryTranslatorFactoryInitiator  : HHH000397: Using ASTQueryTranslatorFactory
2021-11-09 00:34:26.518  INFO 9116 --- [    Test worker] o.s.s.web.DefaultSecurityFilterChain     : Creating filter chain: any request, [org.springframework.security.web.context.request.async.WebAsyncManagerIntegrationFilter@6b37382a, org.springframework.security.web.context.SecurityContextPersistenceFilter@649af132, org.springframework.security.web.header.HeaderWriterFilter@3edb4e28, org.springframework.security.web.authentication.logout.LogoutFilter@5a296ebf, org.springframework.security.oauth2.client.web.OAuth2AuthorizationRequestRedirectFilter@4ec9403d, org.springframework.security.oauth2.client.web.OAuth2LoginAuthenticationFilter@3df8f83c, org.springframework.security.web.authentication.ui.DefaultLoginPageGeneratingFilter@67413810, org.springframework.security.web.authentication.ui.DefaultLogoutPageGeneratingFilter@8249d52, org.springframework.security.web.savedrequest.RequestCacheAwareFilter@1c297eb5, org.springframework.security.web.servletapi.SecurityContextHolderAwareRequestFilter@3f1fa282, org.springframework.security.web.authentication.AnonymousAuthenticationFilter@31b96abd, org.springframework.security.web.session.SessionManagementFilter@5411cc72, org.springframework.security.web.access.ExceptionTranslationFilter@4b8218bf, org.springframework.security.web.access.intercept.FilterSecurityInterceptor@1cc0e0a]
2021-11-09 00:34:27.248  INFO 9116 --- [    Test worker] o.s.s.concurrent.ThreadPoolTaskExecutor  : Initializing ExecutorService 'applicationTaskExecutor'
2021-11-09 00:34:27.339  WARN 9116 --- [    Test worker] aWebConfiguration$JpaWebMvcConfiguration : spring.jpa.open-in-view is enabled by default. Therefore, database queries may be performed during view rendering. Explicitly configure spring.jpa.open-in-view to disable this warning
2021-11-09 00:34:27.419  INFO 9116 --- [    Test worker] o.s.b.a.w.s.WelcomePageHandlerMapping    : Adding welcome page template: index
2021-11-09 00:34:28.102  INFO 9116 --- [    Test worker] s.a.ScheduledAnnotationBeanPostProcessor : No TaskScheduler/ScheduledExecutorService bean found for scheduled processing
2021-11-09 00:34:28.119  INFO 9116 --- [    Test worker] c.c.s.w.d.posts.PostsRepositoryTest      : Started PostsRepositoryTest in 7.806 seconds (JVM running for 9.536)
Hibernate: insert into posts (create_date, modifie_date, author, content, title) values (?, ?, ?, ?, ?)
Hibernate: select posts0_.id as id1_0_, posts0_.create_date as create_d2_0_, posts0_.modifie_date as modifie_3_0_, posts0_.author as author4_0_, posts0_.content as content5_0_, posts0_.title as title6_0_ from posts posts0_
Hibernate: select posts0_.id as id1_0_, posts0_.create_date as create_d2_0_, posts0_.modifie_date as modifie_3_0_, posts0_.author as author4_0_, posts0_.content as content5_0_, posts0_.title as title6_0_ from posts posts0_
Hibernate: delete from posts where id=?
Hibernate: insert into posts (create_date, modifie_date, author, content, title) values (?, ?, ?, ?, ?)
Hibernate: select posts0_.id as id1_0_, posts0_.create_date as create_d2_0_, posts0_.modifie_date as modifie_3_0_, posts0_.author as author4_0_, posts0_.content as content5_0_, posts0_.title as title6_0_ from posts posts0_
>>>>>>>> createDate=2021-11-09T00:34:28.457, modifiedDate=2021-11-09T00:34:28.457
Hibernate: select posts0_.id as id1_0_, posts0_.create_date as create_d2_0_, posts0_.modifie_date as modifie_3_0_, posts0_.author as author4_0_, posts0_.content as content5_0_, posts0_.title as title6_0_ from posts posts0_
Hibernate: delete from posts where id=?
]]></system-out>
  <system-err><![CDATA[]]></system-err>
</testsuite>
