<?xml version="1.0" encoding="UTF-8"?>
<testsuite name="com.suah.book.springboot.web.PostsApiControllerTest" tests="2" skipped="0" failures="0" errors="0" timestamp="2021-10-30T08:21:32" hostname="DESKTOP-L8SIQSL" time="0.087">
  <properties/>
  <testcase name="Posts_등록된다" classname="com.suah.book.springboot.web.PostsApiControllerTest" time="0.062"/>
  <testcase name="Posts_수정된다" classname="com.suah.book.springboot.web.PostsApiControllerTest" time="0.024"/>
  <system-out><![CDATA[2021-10-30 17:21:32.720  INFO 28744 --- [    Test worker] .b.t.c.SpringBootTestContextBootstrapper : Neither @ContextConfiguration nor @ContextHierarchy found for test class [com.suah.book.springboot.web.PostsApiControllerTest], using SpringBootContextLoader
2021-10-30 17:21:32.721  INFO 28744 --- [    Test worker] o.s.t.c.support.AbstractContextLoader    : Could not detect default resource locations for test class [com.suah.book.springboot.web.PostsApiControllerTest]: no resource found for suffixes {-context.xml, Context.groovy}.
2021-10-30 17:21:32.722  INFO 28744 --- [    Test worker] t.c.s.AnnotationConfigContextLoaderUtils : Could not detect default configuration classes for test class [com.suah.book.springboot.web.PostsApiControllerTest]: PostsApiControllerTest does not declare any static, non-private, non-final, nested classes annotated with @Configuration.
2021-10-30 17:21:32.723  INFO 28744 --- [    Test worker] .b.t.c.SpringBootTestContextBootstrapper : Found @SpringBootConfiguration com.suah.book.springboot.Application for test class com.suah.book.springboot.web.PostsApiControllerTest
2021-10-30 17:21:32.724  INFO 28744 --- [    Test worker] .b.t.c.SpringBootTestContextBootstrapper : Loaded default TestExecutionListener class names from location [META-INF/spring.factories]: [org.springframework.security.test.context.support.WithSecurityContextTestExecutionListener, org.springframework.security.test.context.support.ReactorContextTestExecutionListener, org.springframework.boot.test.autoconfigure.restdocs.RestDocsTestExecutionListener, org.springframework.boot.test.autoconfigure.web.client.MockRestServiceServerResetTestExecutionListener, org.springframework.boot.test.autoconfigure.web.servlet.MockMvcPrintOnlyOnFailureTestExecutionListener, org.springframework.boot.test.autoconfigure.web.servlet.WebDriverTestExecutionListener, org.springframework.boot.test.mock.mockito.MockitoTestExecutionListener, org.springframework.boot.test.mock.mockito.ResetMocksTestExecutionListener, org.springframework.test.context.web.ServletTestExecutionListener, org.springframework.test.context.support.DirtiesContextBeforeModesTestExecutionListener, org.springframework.test.context.support.DependencyInjectionTestExecutionListener, org.springframework.test.context.support.DirtiesContextTestExecutionListener, org.springframework.test.context.transaction.TransactionalTestExecutionListener, org.springframework.test.context.jdbc.SqlScriptsTestExecutionListener]
2021-10-30 17:21:32.725  INFO 28744 --- [    Test worker] .b.t.c.SpringBootTestContextBootstrapper : Using TestExecutionListeners: [org.springframework.test.context.web.ServletTestExecutionListener@464da77, org.springframework.test.context.support.DirtiesContextBeforeModesTestExecutionListener@6fbdc351, org.springframework.boot.test.mock.mockito.MockitoTestExecutionListener@7dcf4cb0, org.springframework.boot.test.autoconfigure.SpringBootDependencyInjectionTestExecutionListener@42d81a29, org.springframework.test.context.support.DirtiesContextTestExecutionListener@60cdd767, org.springframework.test.context.transaction.TransactionalTestExecutionListener@616b3764, org.springframework.test.context.jdbc.SqlScriptsTestExecutionListener@66c65d35, org.springframework.security.test.context.support.WithSecurityContextTestExecutionListener@64cd0a96, org.springframework.security.test.context.support.ReactorContextTestExecutionListener@6ab59f87, org.springframework.boot.test.autoconfigure.restdocs.RestDocsTestExecutionListener@525d55a2, org.springframework.boot.test.autoconfigure.web.client.MockRestServiceServerResetTestExecutionListener@6268529, org.springframework.boot.test.autoconfigure.web.servlet.MockMvcPrintOnlyOnFailureTestExecutionListener@ab3a6c1, org.springframework.boot.test.autoconfigure.web.servlet.WebDriverTestExecutionListener@4c3c49b7, org.springframework.boot.test.mock.mockito.ResetMocksTestExecutionListener@7474e5d7]
2021-10-30 17:21:32.735  INFO 28744 --- [    Test worker] o.a.c.c.C.[Tomcat].[localhost].[/]       : Initializing Spring TestDispatcherServlet ''
2021-10-30 17:21:32.735  INFO 28744 --- [    Test worker] o.s.t.web.servlet.TestDispatcherServlet  : Initializing Servlet ''
2021-10-30 17:21:32.737  INFO 28744 --- [    Test worker] o.s.t.web.servlet.TestDispatcherServlet  : Completed initialization in 2 ms
Hibernate: insert into posts (created_date, modified_date, author, content, title) values (?, ?, ?, ?, ?)
Hibernate: select posts0_.id as id1_0_, posts0_.created_date as created_2_0_, posts0_.modified_date as modified3_0_, posts0_.author as author4_0_, posts0_.content as content5_0_, posts0_.title as title6_0_ from posts posts0_
Hibernate: select posts0_.id as id1_0_, posts0_.created_date as created_2_0_, posts0_.modified_date as modified3_0_, posts0_.author as author4_0_, posts0_.content as content5_0_, posts0_.title as title6_0_ from posts posts0_
Hibernate: delete from posts where id=?
2021-10-30 17:21:32.794  INFO 28744 --- [    Test worker] o.a.c.c.C.[Tomcat].[localhost].[/]       : Initializing Spring TestDispatcherServlet ''
2021-10-30 17:21:32.794  INFO 28744 --- [    Test worker] o.s.t.web.servlet.TestDispatcherServlet  : Initializing Servlet ''
2021-10-30 17:21:32.796  INFO 28744 --- [    Test worker] o.s.t.web.servlet.TestDispatcherServlet  : Completed initialization in 2 ms
Hibernate: insert into posts (created_date, modified_date, author, content, title) values (?, ?, ?, ?, ?)
Hibernate: select posts0_.id as id1_0_0_, posts0_.created_date as created_2_0_0_, posts0_.modified_date as modified3_0_0_, posts0_.author as author4_0_0_, posts0_.content as content5_0_0_, posts0_.title as title6_0_0_ from posts posts0_ where posts0_.id=?
Hibernate: update posts set created_date=?, modified_date=?, author=?, content=?, title=? where id=?
Hibernate: select posts0_.id as id1_0_, posts0_.created_date as created_2_0_, posts0_.modified_date as modified3_0_, posts0_.author as author4_0_, posts0_.content as content5_0_, posts0_.title as title6_0_ from posts posts0_
Hibernate: select posts0_.id as id1_0_, posts0_.created_date as created_2_0_, posts0_.modified_date as modified3_0_, posts0_.author as author4_0_, posts0_.content as content5_0_, posts0_.title as title6_0_ from posts posts0_
Hibernate: delete from posts where id=?
]]></system-out>
  <system-err><![CDATA[]]></system-err>
</testsuite>
