<?xml version="1.0" encoding="UTF-8"?>
<testsuite name="com.suah.book.springboot.web.IndexControllerTest" tests="1" skipped="0" failures="0" errors="0" timestamp="2021-10-30T08:21:32" hostname="DESKTOP-L8SIQSL" time="0.169">
  <properties/>
  <testcase name="메인페이지_로딩" classname="com.suah.book.springboot.web.IndexControllerTest" time="0.169"/>
  <system-out><![CDATA[2021-10-30 17:21:30.284  INFO 28744 --- [    Test worker] .b.t.c.SpringBootTestContextBootstrapper : Neither @ContextConfiguration nor @ContextHierarchy found for test class [com.suah.book.springboot.web.IndexControllerTest], using SpringBootContextLoader
2021-10-30 17:21:30.285  INFO 28744 --- [    Test worker] o.s.t.c.support.AbstractContextLoader    : Could not detect default resource locations for test class [com.suah.book.springboot.web.IndexControllerTest]: no resource found for suffixes {-context.xml, Context.groovy}.
2021-10-30 17:21:30.286  INFO 28744 --- [    Test worker] t.c.s.AnnotationConfigContextLoaderUtils : Could not detect default configuration classes for test class [com.suah.book.springboot.web.IndexControllerTest]: IndexControllerTest does not declare any static, non-private, non-final, nested classes annotated with @Configuration.
2021-10-30 17:21:30.287  INFO 28744 --- [    Test worker] .b.t.c.SpringBootTestContextBootstrapper : Found @SpringBootConfiguration com.suah.book.springboot.Application for test class com.suah.book.springboot.web.IndexControllerTest
2021-10-30 17:21:30.289  INFO 28744 --- [    Test worker] .b.t.c.SpringBootTestContextBootstrapper : Loaded default TestExecutionListener class names from location [META-INF/spring.factories]: [org.springframework.security.test.context.support.WithSecurityContextTestExecutionListener, org.springframework.security.test.context.support.ReactorContextTestExecutionListener, org.springframework.boot.test.autoconfigure.restdocs.RestDocsTestExecutionListener, org.springframework.boot.test.autoconfigure.web.client.MockRestServiceServerResetTestExecutionListener, org.springframework.boot.test.autoconfigure.web.servlet.MockMvcPrintOnlyOnFailureTestExecutionListener, org.springframework.boot.test.autoconfigure.web.servlet.WebDriverTestExecutionListener, org.springframework.boot.test.mock.mockito.MockitoTestExecutionListener, org.springframework.boot.test.mock.mockito.ResetMocksTestExecutionListener, org.springframework.test.context.web.ServletTestExecutionListener, org.springframework.test.context.support.DirtiesContextBeforeModesTestExecutionListener, org.springframework.test.context.support.DependencyInjectionTestExecutionListener, org.springframework.test.context.support.DirtiesContextTestExecutionListener, org.springframework.test.context.transaction.TransactionalTestExecutionListener, org.springframework.test.context.jdbc.SqlScriptsTestExecutionListener]
2021-10-30 17:21:30.290  INFO 28744 --- [    Test worker] .b.t.c.SpringBootTestContextBootstrapper : Using TestExecutionListeners: [org.springframework.test.context.web.ServletTestExecutionListener@5bdac51f, org.springframework.test.context.support.DirtiesContextBeforeModesTestExecutionListener@41ecaab8, org.springframework.boot.test.mock.mockito.MockitoTestExecutionListener@777a3484, org.springframework.boot.test.autoconfigure.SpringBootDependencyInjectionTestExecutionListener@77bebb17, org.springframework.test.context.support.DirtiesContextTestExecutionListener@7ac16ac2, org.springframework.test.context.transaction.TransactionalTestExecutionListener@5edcb648, org.springframework.test.context.jdbc.SqlScriptsTestExecutionListener@78a46703, org.springframework.security.test.context.support.WithSecurityContextTestExecutionListener@7ac00d03, org.springframework.security.test.context.support.ReactorContextTestExecutionListener@b26efe3, org.springframework.boot.test.autoconfigure.restdocs.RestDocsTestExecutionListener@30737639, org.springframework.boot.test.autoconfigure.web.client.MockRestServiceServerResetTestExecutionListener@6bb4934b, org.springframework.boot.test.autoconfigure.web.servlet.MockMvcPrintOnlyOnFailureTestExecutionListener@1166232b, org.springframework.boot.test.autoconfigure.web.servlet.WebDriverTestExecutionListener@2d038f13, org.springframework.boot.test.mock.mockito.ResetMocksTestExecutionListener@66af634]

  .   ____          _            __ _ _
 /\\ / ___'_ __ _ _(_)_ __  __ _ \ \ \ \
( ( )\___ | '_ | '_| | '_ \/ _` | \ \ \ \
 \\/  ___)| |_)| | | | | || (_| |  ) ) ) )
  '  |____| .__|_| |_|_| |_\__, | / / / /
 =========|_|==============|___/=/_/_/_/
 :: Spring Boot ::        (v2.1.7.RELEASE)

2021-10-30 17:21:30.328  INFO 28744 --- [    Test worker] c.s.b.s.web.IndexControllerTest          : Starting IndexControllerTest on DESKTOP-L8SIQSL with PID 28744 (started by 강수아 in C:\Users\강수아\Documents\GitHub\2021-02-Spring-Study\강수아\freelec-springboot2-webservice)
2021-10-30 17:21:30.329  INFO 28744 --- [    Test worker] c.s.b.s.web.IndexControllerTest          : No active profile set, falling back to default profiles: default
2021-10-30 17:21:30.581  INFO 28744 --- [    Test worker] .s.d.r.c.RepositoryConfigurationDelegate : Bootstrapping Spring Data repositories in DEFAULT mode.
2021-10-30 17:21:30.612  INFO 28744 --- [    Test worker] .s.d.r.c.RepositoryConfigurationDelegate : Finished Spring Data repository scanning in 31ms. Found 2 repository interfaces.
2021-10-30 17:21:30.702  INFO 28744 --- [    Test worker] trationDelegate$BeanPostProcessorChecker : Bean 'org.springframework.transaction.annotation.ProxyTransactionManagementConfiguration' of type [org.springframework.transaction.annotation.ProxyTransactionManagementConfiguration$$EnhancerBySpringCGLIB$$c1d31095] is not eligible for getting processed by all BeanPostProcessors (for example: not eligible for auto-proxying)
2021-10-30 17:21:30.963  INFO 28744 --- [    Test worker] o.s.b.w.embedded.tomcat.TomcatWebServer  : Tomcat initialized with port(s): 0 (http)
2021-10-30 17:21:30.989  INFO 28744 --- [    Test worker] o.apache.catalina.core.StandardService   : Starting service [Tomcat]
2021-10-30 17:21:30.989  INFO 28744 --- [    Test worker] org.apache.catalina.core.StandardEngine  : Starting Servlet engine: [Apache Tomcat/9.0.22]
2021-10-30 17:21:31.137  INFO 28744 --- [    Test worker] o.a.c.c.C.[Tomcat].[localhost].[/]       : Initializing Spring embedded WebApplicationContext
2021-10-30 17:21:31.137  INFO 28744 --- [    Test worker] o.s.web.context.ContextLoader            : Root WebApplicationContext: initialization completed in 804 ms
2021-10-30 17:21:31.317  INFO 28744 --- [    Test worker] com.zaxxer.hikari.HikariDataSource       : HikariPool-2 - Starting...
2021-10-30 17:21:31.319  INFO 28744 --- [    Test worker] com.zaxxer.hikari.HikariDataSource       : HikariPool-2 - Start completed.
2021-10-30 17:21:31.360  INFO 28744 --- [    Test worker] o.hibernate.jpa.internal.util.LogHelper  : HHH000204: Processing PersistenceUnitInfo [
	name: default
	...]
2021-10-30 17:21:31.376  INFO 28744 --- [    Test worker] org.hibernate.dialect.Dialect            : HHH000400: Using dialect: org.hibernate.dialect.MySQL5InnoDBDialect
Hibernate: drop table if exists posts
Hibernate: drop table if exists user
Hibernate: create table posts (id bigint not null auto_increment, created_date datetime, modified_date datetime, author varchar(255), content TEXT not null, title varchar(500) not null, primary key (id)) engine=InnoDB
Hibernate: create table user (id bigint not null auto_increment, created_date datetime, modified_date datetime, email varchar(255) not null, name varchar(255) not null, picture varchar(255), role varchar(255) not null, primary key (id)) engine=InnoDB
2021-10-30 17:21:31.436  INFO 28744 --- [    Test worker] o.h.t.schema.internal.SchemaCreatorImpl  : HHH000476: Executing import script 'org.hibernate.tool.schema.internal.exec.ScriptSourceInputNonExistentImpl@238b5ca5'
2021-10-30 17:21:31.436  INFO 28744 --- [    Test worker] j.LocalContainerEntityManagerFactoryBean : Initialized JPA EntityManagerFactory for persistence unit 'default'
2021-10-30 17:21:31.811  INFO 28744 --- [    Test worker] o.h.h.i.QueryTranslatorFactoryInitiator  : HHH000397: Using ASTQueryTranslatorFactory
2021-10-30 17:21:31.970  INFO 28744 --- [    Test worker] o.s.s.web.DefaultSecurityFilterChain     : Creating filter chain: any request, [org.springframework.security.web.context.request.async.WebAsyncManagerIntegrationFilter@79b6ce1, org.springframework.security.web.context.SecurityContextPersistenceFilter@50ff4d7b, org.springframework.security.web.header.HeaderWriterFilter@60666fe3, org.springframework.security.web.authentication.logout.LogoutFilter@5860fdbc, org.springframework.security.oauth2.client.web.OAuth2AuthorizationRequestRedirectFilter@2fa9887e, org.springframework.security.oauth2.client.web.OAuth2LoginAuthenticationFilter@5494548e, org.springframework.security.web.authentication.ui.DefaultLoginPageGeneratingFilter@725ee219, org.springframework.security.web.authentication.ui.DefaultLogoutPageGeneratingFilter@19ca0401, org.springframework.security.web.savedrequest.RequestCacheAwareFilter@5baddef4, org.springframework.security.web.servletapi.SecurityContextHolderAwareRequestFilter@867bb15, org.springframework.security.web.authentication.AnonymousAuthenticationFilter@7a43953e, org.springframework.security.web.session.SessionManagementFilter@20db530b, org.springframework.security.web.access.ExceptionTranslationFilter@515b4050, org.springframework.security.web.access.intercept.FilterSecurityInterceptor@a7297a4]
2021-10-30 17:21:32.167  INFO 28744 --- [    Test worker] o.s.s.concurrent.ThreadPoolTaskExecutor  : Initializing ExecutorService 'applicationTaskExecutor'
2021-10-30 17:21:32.183  WARN 28744 --- [    Test worker] aWebConfiguration$JpaWebMvcConfiguration : spring.jpa.open-in-view is enabled by default. Therefore, database queries may be performed during view rendering. Explicitly configure spring.jpa.open-in-view to disable this warning
2021-10-30 17:21:32.211  INFO 28744 --- [    Test worker] o.s.b.a.w.s.WelcomePageHandlerMapping    : Adding welcome page template: index
2021-10-30 17:21:32.522  INFO 28744 --- [    Test worker] s.a.ScheduledAnnotationBeanPostProcessor : No TaskScheduler/ScheduledExecutorService bean found for scheduled processing
2021-10-30 17:21:32.542  INFO 28744 --- [    Test worker] o.s.b.w.embedded.tomcat.TomcatWebServer  : Tomcat started on port(s): 55581 (http) with context path ''
2021-10-30 17:21:32.543  INFO 28744 --- [    Test worker] c.s.b.s.web.IndexControllerTest          : Started IndexControllerTest in 2.251 seconds (JVM running for 11.149)
2021-10-30 17:21:32.633  INFO 28744 --- [o-auto-1-exec-1] o.a.c.c.C.[Tomcat].[localhost].[/]       : Initializing Spring DispatcherServlet 'dispatcherServlet'
2021-10-30 17:21:32.633  INFO 28744 --- [o-auto-1-exec-1] o.s.web.servlet.DispatcherServlet        : Initializing Servlet 'dispatcherServlet'
2021-10-30 17:21:32.649  INFO 28744 --- [o-auto-1-exec-1] o.s.web.servlet.DispatcherServlet        : Completed initialization in 16 ms
Hibernate: select posts0_.id as id1_0_, posts0_.created_date as created_2_0_, posts0_.modified_date as modified3_0_, posts0_.author as author4_0_, posts0_.content as content5_0_, posts0_.title as title6_0_ from posts posts0_ order by posts0_.id DESC
]]></system-out>
  <system-err><![CDATA[]]></system-err>
</testsuite>
