<?xml version="1.0" encoding="UTF-8"?>
<testsuite name="com.suah.book.springboot.web.dto.HelloResponseDtoTest" tests="1" skipped="0" failures="0" errors="0" timestamp="2021-10-30T08:21:30" hostname="DESKTOP-L8SIQSL" time="0.002">
  <properties/>
  <testcase name="롬복_기능_테스트" classname="com.suah.book.springboot.web.dto.HelloResponseDtoTest" time="0.002"/>
  <system-out><![CDATA[]]></system-out>
  <system-err><![CDATA[]]></system-err>
</testsuite>
